[23:48:49.311] Global cache location '/home/vs/.cache/typescript/4.7', safe file path '/home/vs/Development/BuffFish/BuffFish-Frontend/buff-fish/node_modules/typescript/lib/typingSafeList.json', types map path /home/vs/Development/BuffFish/BuffFish-Frontend/buff-fish/node_modules/typescript/lib/typesMap.json
[23:48:49.312] Processing cache location '/home/vs/.cache/typescript/4.7'
[23:48:49.312] Trying to find '/home/vs/.cache/typescript/4.7/package.json'...
[23:48:49.316] Loaded content of '/home/vs/.cache/typescript/4.7/package.json': {"private":true,"dependencies":{"types-registry":"^0.1.601"},"devDependencies":{"@types/aws4":"^1.11.2","@types/body-parser":"^1.19.2","@types/caseless":"^0.12.2","@types/chai":"^4.3.1","@types/chai-as-promised":"^7.1.5","@types/check-error":"^1.0.0","@types/cssstyle":"^2.2.1","@types/data-urls":"^2.0.1","@types/domexception":"^4.0.0","@types/eslint":"^8.4.5","@types/eslint-config-prettier":"^6.11.0","@types/eslint-plugin-prettier":"^3.1.0","@types/express":"^4.17.13","@types/extend":"^3.0.1","@types/forever-agent":"^0.6.1","@types/html-encoding-sniffer":"^2.0.2","@types/ical":"^0.8.0","@types/is-typedarray":"^1.0.0","@types/isstream":"^0.1.0","@types/jsdom":"^16.2.14","@types/json-stringify-safe":"^5.0.0","@types/lodash":"^4.14.182","@types/merge-descriptors":"^1.0.1","@types/mime-types":"^2.1.1","@types/mocha":"^9.1.1","@types/mocha-each":"^2.0.0","@types/module-alias":"^2.0.1","@types/node-fetch":"^2.6.2","@types/nunjucks":"^3.2.1","@types/object-assign":"^4.0.30","@types/parse5":"^6.0.3","@types/prettier":"^2.6.3","@types/pretty-quick":"^3.1.1","@types/raf-schd":"^4.0.1","@types/react-dom":"^18.0.5","@types/request":"^2.48.8","@types/request-promise-native":"^1.0.18","@types/serve-static":"^1.13.10","@types/sprintf-js":"^1.1.2","@types/sqlite3":"^3.1.8","@types/suncalc":"^1.8.1","@types/tough-cookie":"^4.0.2","@types/uuid":"^8.3.4","@types/valid-url":"^1.0.3","@types/w3c-hr-time":"^1.0.0","@types/w3c-xmlserializer":"^2.0.2","@types/webidl-conversions":"^6.1.1","@types/whatwg-encoding":"^1.0.0","@types/whatwg-mimetype":"^2.1.1","@types/whatwg-url":"^8.2.2"}}
[23:48:49.316] Loaded content of '/home/vs/.cache/typescript/4.7/package-lock.json'
[23:48:49.335] Adding entry into typings cache: 'aws4' => '/home/vs/.cache/typescript/4.7/node_modules/@types/aws4/index.d.ts'
[23:48:49.339] Adding entry into typings cache: 'body-parser' => '/home/vs/.cache/typescript/4.7/node_modules/@types/body-parser/index.d.ts'
[23:48:49.342] Adding entry into typings cache: 'caseless' => '/home/vs/.cache/typescript/4.7/node_modules/@types/caseless/index.d.ts'
[23:48:49.344] Adding entry into typings cache: 'chai' => '/home/vs/.cache/typescript/4.7/node_modules/@types/chai/index.d.ts'
[23:48:49.347] Adding entry into typings cache: 'chai-as-promised' => '/home/vs/.cache/typescript/4.7/node_modules/@types/chai-as-promised/index.d.ts'
[23:48:49.349] Adding entry into typings cache: 'check-error' => '/home/vs/.cache/typescript/4.7/node_modules/@types/check-error/index.d.ts'
[23:48:49.350] Adding entry into typings cache: 'cssstyle' => '/home/vs/.cache/typescript/4.7/node_modules/@types/cssstyle/index.d.ts'
[23:48:49.352] Adding entry into typings cache: 'data-urls' => '/home/vs/.cache/typescript/4.7/node_modules/@types/data-urls/index.d.ts'
[23:48:49.355] Adding entry into typings cache: 'domexception' => '/home/vs/.cache/typescript/4.7/node_modules/@types/domexception/index.d.ts'
[23:48:49.357] Adding entry into typings cache: 'eslint' => '/home/vs/.cache/typescript/4.7/node_modules/@types/eslint/index.d.ts'
[23:48:49.359] Adding entry into typings cache: 'eslint-config-prettier' => '/home/vs/.cache/typescript/4.7/node_modules/@types/eslint-config-prettier/index.d.ts'
[23:48:49.361] Adding entry into typings cache: 'eslint-plugin-prettier' => '/home/vs/.cache/typescript/4.7/node_modules/@types/eslint-plugin-prettier/index.d.ts'
[23:48:49.365] Adding entry into typings cache: 'express' => '/home/vs/.cache/typescript/4.7/node_modules/@types/express/index.d.ts'
[23:48:49.366] Adding entry into typings cache: 'extend' => '/home/vs/.cache/typescript/4.7/node_modules/@types/extend/index.d.ts'
[23:48:49.367] Adding entry into typings cache: 'forever-agent' => '/home/vs/.cache/typescript/4.7/node_modules/@types/forever-agent/index.d.ts'
[23:48:49.368] Adding entry into typings cache: 'html-encoding-sniffer' => '/home/vs/.cache/typescript/4.7/node_modules/@types/html-encoding-sniffer/index.d.ts'
[23:48:49.369] Adding entry into typings cache: 'ical' => '/home/vs/.cache/typescript/4.7/node_modules/@types/ical/index.d.ts'
[23:48:49.371] Adding entry into typings cache: 'is-typedarray' => '/home/vs/.cache/typescript/4.7/node_modules/@types/is-typedarray/index.d.ts'
[23:48:49.372] Adding entry into typings cache: 'isstream' => '/home/vs/.cache/typescript/4.7/node_modules/@types/isstream/index.d.ts'
[23:48:49.374] Adding entry into typings cache: 'jsdom' => '/home/vs/.cache/typescript/4.7/node_modules/@types/jsdom/index.d.ts'
[23:48:49.375] Adding entry into typings cache: 'json-stringify-safe' => '/home/vs/.cache/typescript/4.7/node_modules/@types/json-stringify-safe/index.d.ts'
[23:48:49.378] Adding entry into typings cache: 'lodash' => '/home/vs/.cache/typescript/4.7/node_modules/@types/lodash/index.d.ts'
[23:48:49.379] Adding entry into typings cache: 'merge-descriptors' => '/home/vs/.cache/typescript/4.7/node_modules/@types/merge-descriptors/index.d.ts'
[23:48:49.381] Adding entry into typings cache: 'mime-types' => '/home/vs/.cache/typescript/4.7/node_modules/@types/mime-types/index.d.ts'
[23:48:49.382] Adding entry into typings cache: 'mocha' => '/home/vs/.cache/typescript/4.7/node_modules/@types/mocha/index.d.ts'
[23:48:49.383] Adding entry into typings cache: 'mocha-each' => '/home/vs/.cache/typescript/4.7/node_modules/@types/mocha-each/index.d.ts'
[23:48:49.384] Adding entry into typings cache: 'module-alias' => '/home/vs/.cache/typescript/4.7/node_modules/@types/module-alias/index.d.ts'
[23:48:49.387] Adding entry into typings cache: 'node-fetch' => '/home/vs/.cache/typescript/4.7/node_modules/@types/node-fetch/index.d.ts'
[23:48:49.388] Adding entry into typings cache: 'nunjucks' => '/home/vs/.cache/typescript/4.7/node_modules/@types/nunjucks/index.d.ts'
[23:48:49.389] Adding entry into typings cache: 'object-assign' => '/home/vs/.cache/typescript/4.7/node_modules/@types/object-assign/index.d.ts'
[23:48:49.390] Adding entry into typings cache: 'parse5' => '/home/vs/.cache/typescript/4.7/node_modules/@types/parse5/index.d.ts'
[23:48:49.392] Adding entry into typings cache: 'prettier' => '/home/vs/.cache/typescript/4.7/node_modules/@types/prettier/index.d.ts'
[23:48:49.393] Adding entry into typings cache: 'pretty-quick' => '/home/vs/.cache/typescript/4.7/node_modules/@types/pretty-quick/index.d.ts'
[23:48:49.394] Adding entry into typings cache: 'raf-schd' => '/home/vs/.cache/typescript/4.7/node_modules/@types/raf-schd/index.d.ts'
[23:48:49.396] Adding entry into typings cache: 'react-dom' => '/home/vs/.cache/typescript/4.7/node_modules/@types/react-dom/index.d.ts'
[23:48:49.397] Adding entry into typings cache: 'request' => '/home/vs/.cache/typescript/4.7/node_modules/@types/request/index.d.ts'
[23:48:49.398] Adding entry into typings cache: 'request-promise-native' => '/home/vs/.cache/typescript/4.7/node_modules/@types/request-promise-native/index.d.ts'
[23:48:49.399] Adding entry into typings cache: 'serve-static' => '/home/vs/.cache/typescript/4.7/node_modules/@types/serve-static/index.d.ts'
[23:48:49.401] Adding entry into typings cache: 'sprintf-js' => '/home/vs/.cache/typescript/4.7/node_modules/@types/sprintf-js/index.d.ts'
[23:48:49.402] Adding entry into typings cache: 'sqlite3' => '/home/vs/.cache/typescript/4.7/node_modules/@types/sqlite3/index.d.ts'
[23:48:49.403] Adding entry into typings cache: 'suncalc' => '/home/vs/.cache/typescript/4.7/node_modules/@types/suncalc/index.d.ts'
[23:48:49.404] Adding entry into typings cache: 'tough-cookie' => '/home/vs/.cache/typescript/4.7/node_modules/@types/tough-cookie/index.d.ts'
[23:48:49.405] Adding entry into typings cache: 'uuid' => '/home/vs/.cache/typescript/4.7/node_modules/@types/uuid/index.d.ts'
[23:48:49.406] Adding entry into typings cache: 'valid-url' => '/home/vs/.cache/typescript/4.7/node_modules/@types/valid-url/index.d.ts'
[23:48:49.407] Adding entry into typings cache: 'w3c-hr-time' => '/home/vs/.cache/typescript/4.7/node_modules/@types/w3c-hr-time/index.d.ts'
[23:48:49.409] Adding entry into typings cache: 'w3c-xmlserializer' => '/home/vs/.cache/typescript/4.7/node_modules/@types/w3c-xmlserializer/index.d.ts'
[23:48:49.410] Adding entry into typings cache: 'webidl-conversions' => '/home/vs/.cache/typescript/4.7/node_modules/@types/webidl-conversions/index.d.ts'
[23:48:49.411] Adding entry into typings cache: 'whatwg-encoding' => '/home/vs/.cache/typescript/4.7/node_modules/@types/whatwg-encoding/index.d.ts'
[23:48:49.412] Adding entry into typings cache: 'whatwg-mimetype' => '/home/vs/.cache/typescript/4.7/node_modules/@types/whatwg-mimetype/index.d.ts'
[23:48:49.413] Adding entry into typings cache: 'whatwg-url' => '/home/vs/.cache/typescript/4.7/node_modules/@types/whatwg-url/index.d.ts'
[23:48:49.414] Finished processing cache location '/home/vs/.cache/typescript/4.7'
[23:48:49.414] Process id: 11412
[23:48:49.414] NPM location: /usr/bin/npm (explicit '--npmLocation' not  provided)
[23:48:49.414] validateDefaultNpmLocation: false
[23:48:49.414] Npm config file: /home/vs/.cache/typescript/4.7/package.json
[23:48:49.414] Updating types-registry npm package...
[23:48:49.415] Exec: /usr/bin/npm install --ignore-scripts types-registry@latest
[23:48:50.856]     Succeeded. stdout:
    
    up to date, audited 74 packages in 1s

found 0 vulnerabilities

[23:48:50.856] Updated types-registry npm package
[23:51:12.132] Got install request {"projectName":"/dev/null/inferredProject1*","fileNames":[],"compilerOptions":{"module":1,"target":3,"jsx":1,"allowJs":true,"allowSyntheticDefaultImports":true,"allowNonTsExtensions":true,"noEmitForJsFiles":true},"typeAcquisition":{"enable":true,"include":[],"exclude":[]},"unresolvedImports":[],"projectRootPath":"/home/vs/Development/BuffFish/BuffFish-Frontend/buff-fish/src/themes","kind":"discover"}
[23:51:12.185] Loaded safelist from types map file '/home/vs/Development/BuffFish/BuffFish-Frontend/buff-fish/node_modules/typescript/lib/typesMap.json'
[23:51:12.186] Explicitly included types: []
[23:51:12.187] Inferred typings from unresolved imports: []
[23:51:12.187] Result: {"cachedTypingPaths":[],"newTypingNames":[],"filesToWatch":["/home/vs/Development/BuffFish/BuffFish-Frontend/buff-fish/src/themes/bower_components","/home/vs/Development/BuffFish/BuffFish-Frontend/buff-fish/src/themes/node_modules"]}
[23:51:12.187] Finished typings discovery: {"cachedTypingPaths":[],"newTypingNames":[],"filesToWatch":["/home/vs/Development/BuffFish/BuffFish-Frontend/buff-fish/src/themes/bower_components","/home/vs/Development/BuffFish/BuffFish-Frontend/buff-fish/src/themes/node_modules"]}
[23:51:12.188] DirectoryWatcher:: Added:: WatchInfo: /home/vs/Development/BuffFish/BuffFish-Frontend/buff-fish/src/themes/bower_components
[23:51:12.190] DirectoryWatcher:: Added:: WatchInfo: /home/vs/Development/BuffFish/BuffFish-Frontend/buff-fish/src/themes/bower_components 1 undefined Project: /dev/null/inferredProject1* watcher already invoked: false
[23:51:12.194] Elapsed:: 3.926867999951355ms DirectoryWatcher:: Added:: WatchInfo: /home/vs/Development/BuffFish/BuffFish-Frontend/buff-fish/src/themes/bower_components 1 undefined Project: /dev/null/inferredProject1* watcher already invoked: false
[23:51:12.194] DirectoryWatcher:: Added:: WatchInfo: /home/vs/Development/BuffFish/BuffFish-Frontend/buff-fish/src/themes/node_modules
[23:51:12.194] DirectoryWatcher:: Added:: WatchInfo: /home/vs/Development/BuffFish/BuffFish-Frontend/buff-fish/src/themes/node_modules 1 undefined Project: /dev/null/inferredProject1* watcher already invoked: false
[23:51:12.195] Elapsed:: 0.2805710000684485ms DirectoryWatcher:: Added:: WatchInfo: /home/vs/Development/BuffFish/BuffFish-Frontend/buff-fish/src/themes/node_modules 1 undefined Project: /dev/null/inferredProject1* watcher already invoked: false
[23:51:12.195] Sending response:
    {"projectName":"/dev/null/inferredProject1*","typeAcquisition":{"enable":true,"include":[],"exclude":[]},"compilerOptions":{"module":1,"target":3,"jsx":1,"allowJs":true,"allowSyntheticDefaultImports":true,"allowNonTsExtensions":true,"noEmitForJsFiles":true},"typings":[],"unresolvedImports":[],"kind":"action::set"}
[23:51:12.196] Response has been sent.
[23:51:12.196] No new typings were requested as a result of typings discovery
[00:31:30.958] Got install request {"projectName":"/dev/null/inferredProject2*","fileNames":[],"compilerOptions":{"module":1,"target":3,"jsx":1,"allowJs":true,"allowSyntheticDefaultImports":true,"allowNonTsExtensions":true,"noEmitForJsFiles":true},"typeAcquisition":{"enable":true,"include":[],"exclude":[]},"unresolvedImports":[],"projectRootPath":"/home/vs/Development/BuffFish/BuffFish-Frontend/buff-fish/src/components/Charts","kind":"discover"}
[00:31:30.958] Explicitly included types: []
[00:31:30.958] Inferred typings from unresolved imports: []
[00:31:30.959] Result: {"cachedTypingPaths":[],"newTypingNames":[],"filesToWatch":["/home/vs/Development/BuffFish/BuffFish-Frontend/buff-fish/src/components/Charts/bower_components","/home/vs/Development/BuffFish/BuffFish-Frontend/buff-fish/src/components/Charts/node_modules"]}
[00:31:30.959] Finished typings discovery: {"cachedTypingPaths":[],"newTypingNames":[],"filesToWatch":["/home/vs/Development/BuffFish/BuffFish-Frontend/buff-fish/src/components/Charts/bower_components","/home/vs/Development/BuffFish/BuffFish-Frontend/buff-fish/src/components/Charts/node_modules"]}
[00:31:30.959] DirectoryWatcher:: Added:: WatchInfo: /home/vs/Development/BuffFish/BuffFish-Frontend/buff-fish/src/components/Charts/bower_components
[00:31:30.959] DirectoryWatcher:: Added:: WatchInfo: /home/vs/Development/BuffFish/BuffFish-Frontend/buff-fish/src/components/Charts/bower_components 1 undefined Project: /dev/null/inferredProject2* watcher already invoked: false
[00:31:30.959] Elapsed:: 0.29841999989002943ms DirectoryWatcher:: Added:: WatchInfo: /home/vs/Development/BuffFish/BuffFish-Frontend/buff-fish/src/components/Charts/bower_components 1 undefined Project: /dev/null/inferredProject2* watcher already invoked: false
[00:31:30.960] DirectoryWatcher:: Added:: WatchInfo: /home/vs/Development/BuffFish/BuffFish-Frontend/buff-fish/src/components/Charts/node_modules
[00:31:30.960] DirectoryWatcher:: Added:: WatchInfo: /home/vs/Development/BuffFish/BuffFish-Frontend/buff-fish/src/components/Charts/node_modules 1 undefined Project: /dev/null/inferredProject2* watcher already invoked: false
[00:31:30.960] Elapsed:: 0.218299999833107ms DirectoryWatcher:: Added:: WatchInfo: /home/vs/Development/BuffFish/BuffFish-Frontend/buff-fish/src/components/Charts/node_modules 1 undefined Project: /dev/null/inferredProject2* watcher already invoked: false
[00:31:30.960] Sending response:
    {"projectName":"/dev/null/inferredProject2*","typeAcquisition":{"enable":true,"include":[],"exclude":[]},"compilerOptions":{"module":1,"target":3,"jsx":1,"allowJs":true,"allowSyntheticDefaultImports":true,"allowNonTsExtensions":true,"noEmitForJsFiles":true},"typings":[],"unresolvedImports":[],"kind":"action::set"}
[00:31:30.961] Response has been sent.
[00:31:30.961] No new typings were requested as a result of typings discovery
[00:51:08.085] Got install request {"projectName":"/dev/null/inferredProject3*","fileNames":[],"compilerOptions":{"module":1,"target":3,"jsx":1,"allowJs":true,"allowSyntheticDefaultImports":true,"allowNonTsExtensions":true,"noEmitForJsFiles":true},"typeAcquisition":{"enable":true,"include":[],"exclude":[]},"unresolvedImports":[],"projectRootPath":"/home/vs/Development/BuffFish/BuffFish-Frontend/buff-fish/src/data/sample_data","kind":"discover"}
[00:51:08.085] Explicitly included types: []
[00:51:08.086] Inferred typings from unresolved imports: []
[00:51:08.086] Result: {"cachedTypingPaths":[],"newTypingNames":[],"filesToWatch":["/home/vs/Development/BuffFish/BuffFish-Frontend/buff-fish/src/data/sample_data/bower_components","/home/vs/Development/BuffFish/BuffFish-Frontend/buff-fish/src/data/sample_data/node_modules"]}
[00:51:08.086] Finished typings discovery: {"cachedTypingPaths":[],"newTypingNames":[],"filesToWatch":["/home/vs/Development/BuffFish/BuffFish-Frontend/buff-fish/src/data/sample_data/bower_components","/home/vs/Development/BuffFish/BuffFish-Frontend/buff-fish/src/data/sample_data/node_modules"]}
[00:51:08.086] DirectoryWatcher:: Added:: WatchInfo: /home/vs/Development/BuffFish/BuffFish-Frontend/buff-fish/src/data/sample_data/bower_components
[00:51:08.086] DirectoryWatcher:: Added:: WatchInfo: /home/vs/Development/BuffFish/BuffFish-Frontend/buff-fish/src/data/sample_data/bower_components 1 undefined Project: /dev/null/inferredProject3* watcher already invoked: false
[00:51:08.087] Elapsed:: 0.24588199984282255ms DirectoryWatcher:: Added:: WatchInfo: /home/vs/Development/BuffFish/BuffFish-Frontend/buff-fish/src/data/sample_data/bower_components 1 undefined Project: /dev/null/inferredProject3* watcher already invoked: false
[00:51:08.087] DirectoryWatcher:: Added:: WatchInfo: /home/vs/Development/BuffFish/BuffFish-Frontend/buff-fish/src/data/sample_data/node_modules
[00:51:08.087] DirectoryWatcher:: Added:: WatchInfo: /home/vs/Development/BuffFish/BuffFish-Frontend/buff-fish/src/data/sample_data/node_modules 1 undefined Project: /dev/null/inferredProject3* watcher already invoked: false
[00:51:08.087] Elapsed:: 0.2052550008520484ms DirectoryWatcher:: Added:: WatchInfo: /home/vs/Development/BuffFish/BuffFish-Frontend/buff-fish/src/data/sample_data/node_modules 1 undefined Project: /dev/null/inferredProject3* watcher already invoked: false
[00:51:08.087] Sending response:
    {"projectName":"/dev/null/inferredProject3*","typeAcquisition":{"enable":true,"include":[],"exclude":[]},"compilerOptions":{"module":1,"target":3,"jsx":1,"allowJs":true,"allowSyntheticDefaultImports":true,"allowNonTsExtensions":true,"noEmitForJsFiles":true},"typings":[],"unresolvedImports":[],"kind":"action::set"}
[00:51:08.087] Response has been sent.
[00:51:08.087] No new typings were requested as a result of typings discovery
