[09:10:57.395] Global cache location '/home/vs/.cache/typescript/4.7', safe file path '/home/vs/Development/BuffFish/BuffFish-Frontend/buff-fish/node_modules/typescript/lib/typingSafeList.json', types map path /home/vs/Development/BuffFish/BuffFish-Frontend/buff-fish/node_modules/typescript/lib/typesMap.json
[09:10:57.396] Processing cache location '/home/vs/.cache/typescript/4.7'
[09:10:57.397] Trying to find '/home/vs/.cache/typescript/4.7/package.json'...
[09:10:57.402] Loaded content of '/home/vs/.cache/typescript/4.7/package.json': {"private":true,"dependencies":{"types-registry":"^0.1.602"},"devDependencies":{"@types/aws4":"^1.11.2","@types/body-parser":"^1.19.2","@types/caseless":"^0.12.2","@types/chai":"^4.3.1","@types/chai-as-promised":"^7.1.5","@types/check-error":"^1.0.0","@types/cookie":"^0.5.1","@types/cookie-parser":"^1.4.3","@types/cookie-signature":"^1.0.4","@types/cors":"^2.8.12","@types/cssstyle":"^2.2.1","@types/data-urls":"^2.0.1","@types/domexception":"^4.0.0","@types/eslint":"^8.4.5","@types/eslint-config-prettier":"^6.11.0","@types/eslint-plugin-prettier":"^3.1.0","@types/express":"^4.17.13","@types/extend":"^3.0.1","@types/forever-agent":"^0.6.1","@types/html-encoding-sniffer":"^2.0.2","@types/ical":"^0.8.0","@types/is-typedarray":"^1.0.0","@types/isstream":"^0.1.0","@types/jsdom":"^16.2.14","@types/json-stringify-safe":"^5.0.0","@types/lodash":"^4.14.182","@types/merge-descriptors":"^1.0.1","@types/mime-types":"^2.1.1","@types/mocha":"^9.1.1","@types/mocha-each":"^2.0.0","@types/module-alias":"^2.0.1","@types/node-fetch":"^2.6.2","@types/nunjucks":"^3.2.1","@types/object-assign":"^4.0.30","@types/parse5":"^6.0.3","@types/prettier":"^2.6.3","@types/pretty-quick":"^3.1.1","@types/raf-schd":"^4.0.1","@types/react-dom":"^18.0.5","@types/request":"^2.48.8","@types/request-promise-native":"^1.0.18","@types/serve-static":"^1.13.10","@types/sprintf-js":"^1.1.2","@types/sqlite3":"^3.1.8","@types/suncalc":"^1.8.1","@types/tough-cookie":"^4.0.2","@types/uuid":"^8.3.4","@types/valid-url":"^1.0.3","@types/vary":"^1.1.0","@types/w3c-hr-time":"^1.0.0","@types/w3c-xmlserializer":"^2.0.2","@types/webidl-conversions":"^6.1.1","@types/whatwg-encoding":"^1.0.0","@types/whatwg-mimetype":"^2.1.1","@types/whatwg-url":"^8.2.2"}}
[09:10:57.403] Loaded content of '/home/vs/.cache/typescript/4.7/package-lock.json'
[09:10:57.418] Adding entry into typings cache: 'aws4' => '/home/vs/.cache/typescript/4.7/node_modules/@types/aws4/index.d.ts'
[09:10:57.421] Adding entry into typings cache: 'body-parser' => '/home/vs/.cache/typescript/4.7/node_modules/@types/body-parser/index.d.ts'
[09:10:57.424] Adding entry into typings cache: 'caseless' => '/home/vs/.cache/typescript/4.7/node_modules/@types/caseless/index.d.ts'
[09:10:57.426] Adding entry into typings cache: 'chai' => '/home/vs/.cache/typescript/4.7/node_modules/@types/chai/index.d.ts'
[09:10:57.427] Adding entry into typings cache: 'chai-as-promised' => '/home/vs/.cache/typescript/4.7/node_modules/@types/chai-as-promised/index.d.ts'
[09:10:57.429] Adding entry into typings cache: 'check-error' => '/home/vs/.cache/typescript/4.7/node_modules/@types/check-error/index.d.ts'
[09:10:57.430] Adding entry into typings cache: 'cookie' => '/home/vs/.cache/typescript/4.7/node_modules/@types/cookie/index.d.ts'
[09:10:57.431] Adding entry into typings cache: 'cookie-parser' => '/home/vs/.cache/typescript/4.7/node_modules/@types/cookie-parser/index.d.ts'
[09:10:57.433] Adding entry into typings cache: 'cookie-signature' => '/home/vs/.cache/typescript/4.7/node_modules/@types/cookie-signature/index.d.ts'
[09:10:57.434] Adding entry into typings cache: 'cors' => '/home/vs/.cache/typescript/4.7/node_modules/@types/cors/index.d.ts'
[09:10:57.436] Adding entry into typings cache: 'cssstyle' => '/home/vs/.cache/typescript/4.7/node_modules/@types/cssstyle/index.d.ts'
[09:10:57.437] Adding entry into typings cache: 'data-urls' => '/home/vs/.cache/typescript/4.7/node_modules/@types/data-urls/index.d.ts'
[09:10:57.438] Adding entry into typings cache: 'domexception' => '/home/vs/.cache/typescript/4.7/node_modules/@types/domexception/index.d.ts'
[09:10:57.441] Adding entry into typings cache: 'eslint' => '/home/vs/.cache/typescript/4.7/node_modules/@types/eslint/index.d.ts'
[09:10:57.441] Adding entry into typings cache: 'eslint-config-prettier' => '/home/vs/.cache/typescript/4.7/node_modules/@types/eslint-config-prettier/index.d.ts'
[09:10:57.443] Adding entry into typings cache: 'eslint-plugin-prettier' => '/home/vs/.cache/typescript/4.7/node_modules/@types/eslint-plugin-prettier/index.d.ts'
[09:10:57.445] Adding entry into typings cache: 'express' => '/home/vs/.cache/typescript/4.7/node_modules/@types/express/index.d.ts'
[09:10:57.446] Adding entry into typings cache: 'extend' => '/home/vs/.cache/typescript/4.7/node_modules/@types/extend/index.d.ts'
[09:10:57.447] Adding entry into typings cache: 'forever-agent' => '/home/vs/.cache/typescript/4.7/node_modules/@types/forever-agent/index.d.ts'
[09:10:57.448] Adding entry into typings cache: 'html-encoding-sniffer' => '/home/vs/.cache/typescript/4.7/node_modules/@types/html-encoding-sniffer/index.d.ts'
[09:10:57.449] Adding entry into typings cache: 'ical' => '/home/vs/.cache/typescript/4.7/node_modules/@types/ical/index.d.ts'
[09:10:57.449] Adding entry into typings cache: 'is-typedarray' => '/home/vs/.cache/typescript/4.7/node_modules/@types/is-typedarray/index.d.ts'
[09:10:57.450] Adding entry into typings cache: 'isstream' => '/home/vs/.cache/typescript/4.7/node_modules/@types/isstream/index.d.ts'
[09:10:57.451] Adding entry into typings cache: 'jsdom' => '/home/vs/.cache/typescript/4.7/node_modules/@types/jsdom/index.d.ts'
[09:10:57.452] Adding entry into typings cache: 'json-stringify-safe' => '/home/vs/.cache/typescript/4.7/node_modules/@types/json-stringify-safe/index.d.ts'
[09:10:57.453] Adding entry into typings cache: 'lodash' => '/home/vs/.cache/typescript/4.7/node_modules/@types/lodash/index.d.ts'
[09:10:57.454] Adding entry into typings cache: 'merge-descriptors' => '/home/vs/.cache/typescript/4.7/node_modules/@types/merge-descriptors/index.d.ts'
[09:10:57.456] Adding entry into typings cache: 'mime-types' => '/home/vs/.cache/typescript/4.7/node_modules/@types/mime-types/index.d.ts'
[09:10:57.457] Adding entry into typings cache: 'mocha' => '/home/vs/.cache/typescript/4.7/node_modules/@types/mocha/index.d.ts'
[09:10:57.458] Adding entry into typings cache: 'mocha-each' => '/home/vs/.cache/typescript/4.7/node_modules/@types/mocha-each/index.d.ts'
[09:10:57.458] Adding entry into typings cache: 'module-alias' => '/home/vs/.cache/typescript/4.7/node_modules/@types/module-alias/index.d.ts'
[09:10:57.460] Adding entry into typings cache: 'node-fetch' => '/home/vs/.cache/typescript/4.7/node_modules/@types/node-fetch/index.d.ts'
[09:10:57.461] Adding entry into typings cache: 'nunjucks' => '/home/vs/.cache/typescript/4.7/node_modules/@types/nunjucks/index.d.ts'
[09:10:57.462] Adding entry into typings cache: 'object-assign' => '/home/vs/.cache/typescript/4.7/node_modules/@types/object-assign/index.d.ts'
[09:10:57.462] Adding entry into typings cache: 'parse5' => '/home/vs/.cache/typescript/4.7/node_modules/@types/parse5/index.d.ts'
[09:10:57.463] Adding entry into typings cache: 'prettier' => '/home/vs/.cache/typescript/4.7/node_modules/@types/prettier/index.d.ts'
[09:10:57.464] Adding entry into typings cache: 'pretty-quick' => '/home/vs/.cache/typescript/4.7/node_modules/@types/pretty-quick/index.d.ts'
[09:10:57.465] Adding entry into typings cache: 'raf-schd' => '/home/vs/.cache/typescript/4.7/node_modules/@types/raf-schd/index.d.ts'
[09:10:57.466] Adding entry into typings cache: 'react-dom' => '/home/vs/.cache/typescript/4.7/node_modules/@types/react-dom/index.d.ts'
[09:10:57.467] Adding entry into typings cache: 'request' => '/home/vs/.cache/typescript/4.7/node_modules/@types/request/index.d.ts'
[09:10:57.468] Adding entry into typings cache: 'request-promise-native' => '/home/vs/.cache/typescript/4.7/node_modules/@types/request-promise-native/index.d.ts'
[09:10:57.468] Adding entry into typings cache: 'serve-static' => '/home/vs/.cache/typescript/4.7/node_modules/@types/serve-static/index.d.ts'
[09:10:57.469] Adding entry into typings cache: 'sprintf-js' => '/home/vs/.cache/typescript/4.7/node_modules/@types/sprintf-js/index.d.ts'
[09:10:57.470] Adding entry into typings cache: 'sqlite3' => '/home/vs/.cache/typescript/4.7/node_modules/@types/sqlite3/index.d.ts'
[09:10:57.471] Adding entry into typings cache: 'suncalc' => '/home/vs/.cache/typescript/4.7/node_modules/@types/suncalc/index.d.ts'
[09:10:57.473] Adding entry into typings cache: 'tough-cookie' => '/home/vs/.cache/typescript/4.7/node_modules/@types/tough-cookie/index.d.ts'
[09:10:57.473] Adding entry into typings cache: 'uuid' => '/home/vs/.cache/typescript/4.7/node_modules/@types/uuid/index.d.ts'
[09:10:57.474] Adding entry into typings cache: 'valid-url' => '/home/vs/.cache/typescript/4.7/node_modules/@types/valid-url/index.d.ts'
[09:10:57.475] Adding entry into typings cache: 'vary' => '/home/vs/.cache/typescript/4.7/node_modules/@types/vary/index.d.ts'
[09:10:57.475] Adding entry into typings cache: 'w3c-hr-time' => '/home/vs/.cache/typescript/4.7/node_modules/@types/w3c-hr-time/index.d.ts'
[09:10:57.476] Adding entry into typings cache: 'w3c-xmlserializer' => '/home/vs/.cache/typescript/4.7/node_modules/@types/w3c-xmlserializer/index.d.ts'
[09:10:57.477] Adding entry into typings cache: 'webidl-conversions' => '/home/vs/.cache/typescript/4.7/node_modules/@types/webidl-conversions/index.d.ts'
[09:10:57.478] Adding entry into typings cache: 'whatwg-encoding' => '/home/vs/.cache/typescript/4.7/node_modules/@types/whatwg-encoding/index.d.ts'
[09:10:57.478] Adding entry into typings cache: 'whatwg-mimetype' => '/home/vs/.cache/typescript/4.7/node_modules/@types/whatwg-mimetype/index.d.ts'
[09:10:57.479] Adding entry into typings cache: 'whatwg-url' => '/home/vs/.cache/typescript/4.7/node_modules/@types/whatwg-url/index.d.ts'
[09:10:57.479] Finished processing cache location '/home/vs/.cache/typescript/4.7'
[09:10:57.480] Process id: 11231
[09:10:57.480] NPM location: /usr/bin/npm (explicit '--npmLocation' not  provided)
[09:10:57.480] validateDefaultNpmLocation: false
[09:10:57.480] Npm config file: /home/vs/.cache/typescript/4.7/package.json
[09:10:57.480] Updating types-registry npm package...
[09:10:57.480] Exec: /usr/bin/npm install --ignore-scripts types-registry@latest
[09:10:58.485]     Succeeded. stdout:
    
    up to date, audited 79 packages in 739ms

found 0 vulnerabilities

[09:10:58.485] Updated types-registry npm package
[09:11:56.634] Got install request {"projectName":"/dev/null/inferredProject1*","fileNames":["/home/vs/Development/BuffFish/BuffFish-Frontend/buff-fish/node_modules/typescript/lib/lib.es5.d.ts","/home/vs/Development/BuffFish/BuffFish-Frontend/buff-fish/node_modules/typescript/lib/lib.es2015.d.ts","/home/vs/Development/BuffFish/BuffFish-Frontend/buff-fish/node_modules/typescript/lib/lib.es2016.d.ts","/home/vs/Development/BuffFish/BuffFish-Frontend/buff-fish/node_modules/typescript/lib/lib.dom.d.ts","/home/vs/Development/BuffFish/BuffFish-Frontend/buff-fish/node_modules/typescript/lib/lib.dom.iterable.d.ts","/home/vs/Development/BuffFish/BuffFish-Frontend/buff-fish/node_modules/typescript/lib/lib.webworker.importscripts.d.ts","/home/vs/Development/BuffFish/BuffFish-Frontend/buff-fish/node_modules/typescript/lib/lib.scripthost.d.ts","/home/vs/Development/BuffFish/BuffFish-Frontend/buff-fish/node_modules/typescript/lib/lib.es2015.core.d.ts","/home/vs/Development/BuffFish/BuffFish-Frontend/buff-fish/node_modules/typescript/lib/lib.es2015.collection.d.ts","/home/vs/Development/BuffFish/BuffFish-Frontend/buff-fish/node_modules/typescript/lib/lib.es2015.generator.d.ts","/home/vs/Development/BuffFish/BuffFish-Frontend/buff-fish/node_modules/typescript/lib/lib.es2015.iterable.d.ts","/home/vs/Development/BuffFish/BuffFish-Frontend/buff-fish/node_modules/typescript/lib/lib.es2015.promise.d.ts","/home/vs/Development/BuffFish/BuffFish-Frontend/buff-fish/node_modules/typescript/lib/lib.es2015.proxy.d.ts","/home/vs/Development/BuffFish/BuffFish-Frontend/buff-fish/node_modules/typescript/lib/lib.es2015.reflect.d.ts","/home/vs/Development/BuffFish/BuffFish-Frontend/buff-fish/node_modules/typescript/lib/lib.es2015.symbol.d.ts","/home/vs/Development/BuffFish/BuffFish-Frontend/buff-fish/node_modules/typescript/lib/lib.es2015.symbol.wellknown.d.ts","/home/vs/Development/BuffFish/BuffFish-Frontend/buff-fish/node_modules/typescript/lib/lib.es2016.array.include.d.ts","/home/vs/Development/BuffFish/BuffFish-Frontend/buff-fish/node_modules/typescript/lib/lib.es2016.full.d.ts","/home/vs/Development/BuffFish/BuffFish-Backend/database/database.js","/home/vs/Development/BuffFish/BuffFish-Backend/controllers/ActivitiesController.js","/home/vs/Development/BuffFish/BuffFish-Backend/controllers/UserController.js","/home/vs/Development/BuffFish/BuffFish-Backend/routes/UserRoutes.js"],"compilerOptions":{"module":1,"target":3,"jsx":1,"allowJs":true,"allowSyntheticDefaultImports":true,"allowNonTsExtensions":true,"noEmitForJsFiles":true,"maxNodeModuleJsDepth":2},"typeAcquisition":{"enable":true,"include":[],"exclude":[]},"unresolvedImports":[],"projectRootPath":"/home/vs/Development/BuffFish/BuffFish-Backend/routes","kind":"discover"}
[09:11:56.648] Loaded safelist from types map file '/home/vs/Development/BuffFish/BuffFish-Frontend/buff-fish/node_modules/typescript/lib/typesMap.json'
[09:11:56.648] Explicitly included types: []
[09:11:56.649] Inferred typings from unresolved imports: []
[09:11:56.649] Result: {"cachedTypingPaths":[],"newTypingNames":[],"filesToWatch":["/home/vs/Development/BuffFish/BuffFish-Backend/database/bower_components","/home/vs/Development/BuffFish/BuffFish-Backend/database/node_modules","/home/vs/Development/BuffFish/BuffFish-Backend/controllers/bower_components","/home/vs/Development/BuffFish/BuffFish-Backend/controllers/node_modules","/home/vs/Development/BuffFish/BuffFish-Backend/routes/bower_components","/home/vs/Development/BuffFish/BuffFish-Backend/routes/node_modules"]}
[09:11:56.649] Finished typings discovery: {"cachedTypingPaths":[],"newTypingNames":[],"filesToWatch":["/home/vs/Development/BuffFish/BuffFish-Backend/database/bower_components","/home/vs/Development/BuffFish/BuffFish-Backend/database/node_modules","/home/vs/Development/BuffFish/BuffFish-Backend/controllers/bower_components","/home/vs/Development/BuffFish/BuffFish-Backend/controllers/node_modules","/home/vs/Development/BuffFish/BuffFish-Backend/routes/bower_components","/home/vs/Development/BuffFish/BuffFish-Backend/routes/node_modules"]}
[09:11:56.650] DirectoryWatcher:: Added:: WatchInfo: /home/vs/Development/BuffFish/BuffFish-Backend/database/bower_components
[09:11:56.651] DirectoryWatcher:: Added:: WatchInfo: /home/vs/Development/BuffFish/BuffFish-Backend/database/bower_components 1 undefined Project: /dev/null/inferredProject1* watcher already invoked: false
[09:11:56.652] Elapsed:: 1.4826609999872744ms DirectoryWatcher:: Added:: WatchInfo: /home/vs/Development/BuffFish/BuffFish-Backend/database/bower_components 1 undefined Project: /dev/null/inferredProject1* watcher already invoked: false
[09:11:56.652] DirectoryWatcher:: Added:: WatchInfo: /home/vs/Development/BuffFish/BuffFish-Backend/database/node_modules
[09:11:56.652] DirectoryWatcher:: Added:: WatchInfo: /home/vs/Development/BuffFish/BuffFish-Backend/database/node_modules 1 undefined Project: /dev/null/inferredProject1* watcher already invoked: false
[09:11:56.652] Elapsed:: 0.08345999999437481ms DirectoryWatcher:: Added:: WatchInfo: /home/vs/Development/BuffFish/BuffFish-Backend/database/node_modules 1 undefined Project: /dev/null/inferredProject1* watcher already invoked: false
[09:11:56.653] DirectoryWatcher:: Added:: WatchInfo: /home/vs/Development/BuffFish/BuffFish-Backend/controllers/bower_components
[09:11:56.653] DirectoryWatcher:: Added:: WatchInfo: /home/vs/Development/BuffFish/BuffFish-Backend/controllers/bower_components 1 undefined Project: /dev/null/inferredProject1* watcher already invoked: false
[09:11:56.653] Elapsed:: 0.07200600003125146ms DirectoryWatcher:: Added:: WatchInfo: /home/vs/Development/BuffFish/BuffFish-Backend/controllers/bower_components 1 undefined Project: /dev/null/inferredProject1* watcher already invoked: false
[09:11:56.653] DirectoryWatcher:: Added:: WatchInfo: /home/vs/Development/BuffFish/BuffFish-Backend/controllers/node_modules
[09:11:56.653] DirectoryWatcher:: Added:: WatchInfo: /home/vs/Development/BuffFish/BuffFish-Backend/controllers/node_modules 1 undefined Project: /dev/null/inferredProject1* watcher already invoked: false
[09:11:56.653] Elapsed:: 0.06180999998468906ms DirectoryWatcher:: Added:: WatchInfo: /home/vs/Development/BuffFish/BuffFish-Backend/controllers/node_modules 1 undefined Project: /dev/null/inferredProject1* watcher already invoked: false
[09:11:56.653] DirectoryWatcher:: Added:: WatchInfo: /home/vs/Development/BuffFish/BuffFish-Backend/routes/bower_components
[09:11:56.653] DirectoryWatcher:: Added:: WatchInfo: /home/vs/Development/BuffFish/BuffFish-Backend/routes/bower_components 1 undefined Project: /dev/null/inferredProject1* watcher already invoked: false
[09:11:56.653] Elapsed:: 0.07144799997331575ms DirectoryWatcher:: Added:: WatchInfo: /home/vs/Development/BuffFish/BuffFish-Backend/routes/bower_components 1 undefined Project: /dev/null/inferredProject1* watcher already invoked: false
[09:11:56.653] DirectoryWatcher:: Added:: WatchInfo: /home/vs/Development/BuffFish/BuffFish-Backend/routes/node_modules
[09:11:56.653] DirectoryWatcher:: Added:: WatchInfo: /home/vs/Development/BuffFish/BuffFish-Backend/routes/node_modules 1 undefined Project: /dev/null/inferredProject1* watcher already invoked: false
[09:11:56.653] Elapsed:: 0.07207699998980388ms DirectoryWatcher:: Added:: WatchInfo: /home/vs/Development/BuffFish/BuffFish-Backend/routes/node_modules 1 undefined Project: /dev/null/inferredProject1* watcher already invoked: false
[09:11:56.653] Sending response:
    {"projectName":"/dev/null/inferredProject1*","typeAcquisition":{"enable":true,"include":[],"exclude":[]},"compilerOptions":{"module":1,"target":3,"jsx":1,"allowJs":true,"allowSyntheticDefaultImports":true,"allowNonTsExtensions":true,"noEmitForJsFiles":true,"maxNodeModuleJsDepth":2},"typings":[],"unresolvedImports":[],"kind":"action::set"}
[09:11:56.654] Response has been sent.
[09:11:56.654] No new typings were requested as a result of typings discovery
