[16:34:39.380] Global cache location '/home/vs/.cache/typescript/4.7', safe file path '/home/vs/Development/BuffFish/BuffFish-Frontend/buff-fish/node_modules/typescript/lib/typingSafeList.json', types map path /home/vs/Development/BuffFish/BuffFish-Frontend/buff-fish/node_modules/typescript/lib/typesMap.json
[16:34:39.382] Processing cache location '/home/vs/.cache/typescript/4.7'
[16:34:39.382] Trying to find '/home/vs/.cache/typescript/4.7/package.json'...
[16:34:39.392] Loaded content of '/home/vs/.cache/typescript/4.7/package.json': {"private":true,"dependencies":{"types-registry":"^0.1.600"},"devDependencies":{"@types/aws4":"^1.11.2","@types/body-parser":"^1.19.2","@types/caseless":"^0.12.2","@types/chai":"^4.3.1","@types/chai-as-promised":"^7.1.5","@types/check-error":"^1.0.0","@types/cssstyle":"^2.2.1","@types/data-urls":"^2.0.1","@types/domexception":"^4.0.0","@types/eslint":"^8.4.5","@types/eslint-config-prettier":"^6.11.0","@types/eslint-plugin-prettier":"^3.1.0","@types/express":"^4.17.13","@types/extend":"^3.0.1","@types/forever-agent":"^0.6.1","@types/html-encoding-sniffer":"^2.0.2","@types/ical":"^0.8.0","@types/is-typedarray":"^1.0.0","@types/isstream":"^0.1.0","@types/jsdom":"^16.2.14","@types/json-stringify-safe":"^5.0.0","@types/lodash":"^4.14.182","@types/merge-descriptors":"^1.0.1","@types/mime-types":"^2.1.1","@types/mocha":"^9.1.1","@types/mocha-each":"^2.0.0","@types/module-alias":"^2.0.1","@types/node-fetch":"^2.6.2","@types/nunjucks":"^3.2.1","@types/object-assign":"^4.0.30","@types/parse5":"^6.0.3","@types/prettier":"^2.6.3","@types/pretty-quick":"^3.1.1","@types/raf-schd":"^4.0.1","@types/react-dom":"^18.0.5","@types/request":"^2.48.8","@types/request-promise-native":"^1.0.18","@types/serve-static":"^1.13.10","@types/sprintf-js":"^1.1.2","@types/suncalc":"^1.8.1","@types/tough-cookie":"^4.0.2","@types/valid-url":"^1.0.3","@types/w3c-hr-time":"^1.0.0","@types/w3c-xmlserializer":"^2.0.2","@types/webidl-conversions":"^6.1.1","@types/whatwg-encoding":"^1.0.0","@types/whatwg-mimetype":"^2.1.1","@types/whatwg-url":"^8.2.2"}}
[16:34:39.392] Loaded content of '/home/vs/.cache/typescript/4.7/package-lock.json'
[16:34:39.416] Adding entry into typings cache: 'aws4' => '/home/vs/.cache/typescript/4.7/node_modules/@types/aws4/index.d.ts'
[16:34:39.421] Adding entry into typings cache: 'body-parser' => '/home/vs/.cache/typescript/4.7/node_modules/@types/body-parser/index.d.ts'
[16:34:39.425] Adding entry into typings cache: 'caseless' => '/home/vs/.cache/typescript/4.7/node_modules/@types/caseless/index.d.ts'
[16:34:39.428] Adding entry into typings cache: 'chai' => '/home/vs/.cache/typescript/4.7/node_modules/@types/chai/index.d.ts'
[16:34:39.430] Adding entry into typings cache: 'chai-as-promised' => '/home/vs/.cache/typescript/4.7/node_modules/@types/chai-as-promised/index.d.ts'
[16:34:39.433] Adding entry into typings cache: 'check-error' => '/home/vs/.cache/typescript/4.7/node_modules/@types/check-error/index.d.ts'
[16:34:39.434] Adding entry into typings cache: 'cssstyle' => '/home/vs/.cache/typescript/4.7/node_modules/@types/cssstyle/index.d.ts'
[16:34:39.436] Adding entry into typings cache: 'data-urls' => '/home/vs/.cache/typescript/4.7/node_modules/@types/data-urls/index.d.ts'
[16:34:39.440] Adding entry into typings cache: 'domexception' => '/home/vs/.cache/typescript/4.7/node_modules/@types/domexception/index.d.ts'
[16:34:39.443] Adding entry into typings cache: 'eslint' => '/home/vs/.cache/typescript/4.7/node_modules/@types/eslint/index.d.ts'
[16:34:39.444] Adding entry into typings cache: 'eslint-config-prettier' => '/home/vs/.cache/typescript/4.7/node_modules/@types/eslint-config-prettier/index.d.ts'
[16:34:39.447] Adding entry into typings cache: 'eslint-plugin-prettier' => '/home/vs/.cache/typescript/4.7/node_modules/@types/eslint-plugin-prettier/index.d.ts'
[16:34:39.452] Adding entry into typings cache: 'express' => '/home/vs/.cache/typescript/4.7/node_modules/@types/express/index.d.ts'
[16:34:39.453] Adding entry into typings cache: 'extend' => '/home/vs/.cache/typescript/4.7/node_modules/@types/extend/index.d.ts'
[16:34:39.455] Adding entry into typings cache: 'forever-agent' => '/home/vs/.cache/typescript/4.7/node_modules/@types/forever-agent/index.d.ts'
[16:34:39.456] Adding entry into typings cache: 'html-encoding-sniffer' => '/home/vs/.cache/typescript/4.7/node_modules/@types/html-encoding-sniffer/index.d.ts'
[16:34:39.457] Adding entry into typings cache: 'ical' => '/home/vs/.cache/typescript/4.7/node_modules/@types/ical/index.d.ts'
[16:34:39.460] Adding entry into typings cache: 'is-typedarray' => '/home/vs/.cache/typescript/4.7/node_modules/@types/is-typedarray/index.d.ts'
[16:34:39.461] Adding entry into typings cache: 'isstream' => '/home/vs/.cache/typescript/4.7/node_modules/@types/isstream/index.d.ts'
[16:34:39.463] Adding entry into typings cache: 'jsdom' => '/home/vs/.cache/typescript/4.7/node_modules/@types/jsdom/index.d.ts'
[16:34:39.464] Adding entry into typings cache: 'json-stringify-safe' => '/home/vs/.cache/typescript/4.7/node_modules/@types/json-stringify-safe/index.d.ts'
[16:34:39.467] Adding entry into typings cache: 'lodash' => '/home/vs/.cache/typescript/4.7/node_modules/@types/lodash/index.d.ts'
[16:34:39.468] Adding entry into typings cache: 'merge-descriptors' => '/home/vs/.cache/typescript/4.7/node_modules/@types/merge-descriptors/index.d.ts'
[16:34:39.470] Adding entry into typings cache: 'mime-types' => '/home/vs/.cache/typescript/4.7/node_modules/@types/mime-types/index.d.ts'
[16:34:39.472] Adding entry into typings cache: 'mocha' => '/home/vs/.cache/typescript/4.7/node_modules/@types/mocha/index.d.ts'
[16:34:39.473] Adding entry into typings cache: 'mocha-each' => '/home/vs/.cache/typescript/4.7/node_modules/@types/mocha-each/index.d.ts'
[16:34:39.475] Adding entry into typings cache: 'module-alias' => '/home/vs/.cache/typescript/4.7/node_modules/@types/module-alias/index.d.ts'
[16:34:39.477] Adding entry into typings cache: 'node-fetch' => '/home/vs/.cache/typescript/4.7/node_modules/@types/node-fetch/index.d.ts'
[16:34:39.478] Adding entry into typings cache: 'nunjucks' => '/home/vs/.cache/typescript/4.7/node_modules/@types/nunjucks/index.d.ts'
[16:34:39.480] Adding entry into typings cache: 'object-assign' => '/home/vs/.cache/typescript/4.7/node_modules/@types/object-assign/index.d.ts'
[16:34:39.481] Adding entry into typings cache: 'parse5' => '/home/vs/.cache/typescript/4.7/node_modules/@types/parse5/index.d.ts'
[16:34:39.482] Adding entry into typings cache: 'prettier' => '/home/vs/.cache/typescript/4.7/node_modules/@types/prettier/index.d.ts'
[16:34:39.484] Adding entry into typings cache: 'pretty-quick' => '/home/vs/.cache/typescript/4.7/node_modules/@types/pretty-quick/index.d.ts'
[16:34:39.484] Adding entry into typings cache: 'raf-schd' => '/home/vs/.cache/typescript/4.7/node_modules/@types/raf-schd/index.d.ts'
[16:34:39.486] Adding entry into typings cache: 'react-dom' => '/home/vs/.cache/typescript/4.7/node_modules/@types/react-dom/index.d.ts'
[16:34:39.487] Adding entry into typings cache: 'request' => '/home/vs/.cache/typescript/4.7/node_modules/@types/request/index.d.ts'
[16:34:39.488] Adding entry into typings cache: 'request-promise-native' => '/home/vs/.cache/typescript/4.7/node_modules/@types/request-promise-native/index.d.ts'
[16:34:39.489] Adding entry into typings cache: 'serve-static' => '/home/vs/.cache/typescript/4.7/node_modules/@types/serve-static/index.d.ts'
[16:34:39.490] Adding entry into typings cache: 'sprintf-js' => '/home/vs/.cache/typescript/4.7/node_modules/@types/sprintf-js/index.d.ts'
[16:34:39.491] Adding entry into typings cache: 'suncalc' => '/home/vs/.cache/typescript/4.7/node_modules/@types/suncalc/index.d.ts'
[16:34:39.493] Adding entry into typings cache: 'tough-cookie' => '/home/vs/.cache/typescript/4.7/node_modules/@types/tough-cookie/index.d.ts'
[16:34:39.494] Adding entry into typings cache: 'valid-url' => '/home/vs/.cache/typescript/4.7/node_modules/@types/valid-url/index.d.ts'
[16:34:39.494] Adding entry into typings cache: 'w3c-hr-time' => '/home/vs/.cache/typescript/4.7/node_modules/@types/w3c-hr-time/index.d.ts'
[16:34:39.495] Adding entry into typings cache: 'w3c-xmlserializer' => '/home/vs/.cache/typescript/4.7/node_modules/@types/w3c-xmlserializer/index.d.ts'
[16:34:39.496] Adding entry into typings cache: 'webidl-conversions' => '/home/vs/.cache/typescript/4.7/node_modules/@types/webidl-conversions/index.d.ts'
[16:34:39.497] Adding entry into typings cache: 'whatwg-encoding' => '/home/vs/.cache/typescript/4.7/node_modules/@types/whatwg-encoding/index.d.ts'
[16:34:39.499] Adding entry into typings cache: 'whatwg-mimetype' => '/home/vs/.cache/typescript/4.7/node_modules/@types/whatwg-mimetype/index.d.ts'
[16:34:39.501] Adding entry into typings cache: 'whatwg-url' => '/home/vs/.cache/typescript/4.7/node_modules/@types/whatwg-url/index.d.ts'
[16:34:39.501] Finished processing cache location '/home/vs/.cache/typescript/4.7'
[16:34:39.502] Process id: 10053
[16:34:39.502] NPM location: /usr/bin/npm (explicit '--npmLocation' not  provided)
[16:34:39.502] validateDefaultNpmLocation: false
[16:34:39.502] Npm config file: /home/vs/.cache/typescript/4.7/package.json
[16:34:39.502] Updating types-registry npm package...
[16:34:39.502] Exec: /usr/bin/npm install --ignore-scripts types-registry@latest
[16:34:40.930]     Succeeded. stdout:
    
    changed 1 package, and audited 72 packages in 1s

found 0 vulnerabilities

[16:34:40.931] Updated types-registry npm package
[16:38:33.469] Got install request {"projectName":"/dev/null/inferredProject1*","fileNames":["/home/vs/Development/BuffFish/BuffFish-Frontend/buff-fish/node_modules/typescript/lib/lib.es5.d.ts","/home/vs/Development/BuffFish/BuffFish-Frontend/buff-fish/node_modules/typescript/lib/lib.es2015.d.ts","/home/vs/Development/BuffFish/BuffFish-Frontend/buff-fish/node_modules/typescript/lib/lib.es2016.d.ts","/home/vs/Development/BuffFish/BuffFish-Frontend/buff-fish/node_modules/typescript/lib/lib.dom.d.ts","/home/vs/Development/BuffFish/BuffFish-Frontend/buff-fish/node_modules/typescript/lib/lib.dom.iterable.d.ts","/home/vs/Development/BuffFish/BuffFish-Frontend/buff-fish/node_modules/typescript/lib/lib.webworker.importscripts.d.ts","/home/vs/Development/BuffFish/BuffFish-Frontend/buff-fish/node_modules/typescript/lib/lib.scripthost.d.ts","/home/vs/Development/BuffFish/BuffFish-Frontend/buff-fish/node_modules/typescript/lib/lib.es2015.core.d.ts","/home/vs/Development/BuffFish/BuffFish-Frontend/buff-fish/node_modules/typescript/lib/lib.es2015.collection.d.ts","/home/vs/Development/BuffFish/BuffFish-Frontend/buff-fish/node_modules/typescript/lib/lib.es2015.generator.d.ts","/home/vs/Development/BuffFish/BuffFish-Frontend/buff-fish/node_modules/typescript/lib/lib.es2015.iterable.d.ts","/home/vs/Development/BuffFish/BuffFish-Frontend/buff-fish/node_modules/typescript/lib/lib.es2015.promise.d.ts","/home/vs/Development/BuffFish/BuffFish-Frontend/buff-fish/node_modules/typescript/lib/lib.es2015.proxy.d.ts","/home/vs/Development/BuffFish/BuffFish-Frontend/buff-fish/node_modules/typescript/lib/lib.es2015.reflect.d.ts","/home/vs/Development/BuffFish/BuffFish-Frontend/buff-fish/node_modules/typescript/lib/lib.es2015.symbol.d.ts","/home/vs/Development/BuffFish/BuffFish-Frontend/buff-fish/node_modules/typescript/lib/lib.es2015.symbol.wellknown.d.ts","/home/vs/Development/BuffFish/BuffFish-Frontend/buff-fish/node_modules/typescript/lib/lib.es2016.array.include.d.ts","/home/vs/Development/BuffFish/BuffFish-Frontend/buff-fish/node_modules/typescript/lib/lib.es2016.full.d.ts","/home/vs/Development/BuffFish/BuffFish-Backend/database/database.js","/home/vs/Development/BuffFish/BuffFish-Backend/controllers/ActivitiesController.js"],"compilerOptions":{"module":1,"target":3,"jsx":1,"allowJs":true,"allowSyntheticDefaultImports":true,"allowNonTsExtensions":true,"noEmitForJsFiles":true,"maxNodeModuleJsDepth":2},"typeAcquisition":{"enable":true,"include":[],"exclude":[]},"unresolvedImports":["@mapbox/node-pre-gyp","sqlite3","uuid"],"projectRootPath":"/home/vs/Development/BuffFish/BuffFish-Backend/controllers","kind":"discover"}
[16:38:33.506] Loaded safelist from types map file '/home/vs/Development/BuffFish/BuffFish-Frontend/buff-fish/node_modules/typescript/lib/typesMap.json'
[16:38:33.507] Explicitly included types: []
[16:38:33.509] Inferred typings from unresolved imports: ["@mapbox/node-pre-gyp","sqlite3","uuid"]
[16:38:33.509] Result: {"cachedTypingPaths":[],"newTypingNames":["@mapbox/node-pre-gyp","sqlite3","uuid"],"filesToWatch":["/home/vs/Development/BuffFish/BuffFish-Backend/database/bower_components","/home/vs/Development/BuffFish/BuffFish-Backend/database/node_modules","/home/vs/Development/BuffFish/BuffFish-Backend/controllers/bower_components","/home/vs/Development/BuffFish/BuffFish-Backend/controllers/node_modules"]}
[16:38:33.509] Finished typings discovery: {"cachedTypingPaths":[],"newTypingNames":["@mapbox/node-pre-gyp","sqlite3","uuid"],"filesToWatch":["/home/vs/Development/BuffFish/BuffFish-Backend/database/bower_components","/home/vs/Development/BuffFish/BuffFish-Backend/database/node_modules","/home/vs/Development/BuffFish/BuffFish-Backend/controllers/bower_components","/home/vs/Development/BuffFish/BuffFish-Backend/controllers/node_modules"]}
[16:38:33.510] DirectoryWatcher:: Added:: WatchInfo: /home/vs/Development/BuffFish/BuffFish-Backend/database/bower_components
[16:38:33.511] DirectoryWatcher:: Added:: WatchInfo: /home/vs/Development/BuffFish/BuffFish-Backend/database/bower_components 1 undefined Project: /dev/null/inferredProject1* watcher already invoked: false
[16:38:33.513] Elapsed:: 2.397796000004746ms DirectoryWatcher:: Added:: WatchInfo: /home/vs/Development/BuffFish/BuffFish-Backend/database/bower_components 1 undefined Project: /dev/null/inferredProject1* watcher already invoked: false
[16:38:33.513] DirectoryWatcher:: Added:: WatchInfo: /home/vs/Development/BuffFish/BuffFish-Backend/database/node_modules
[16:38:33.514] DirectoryWatcher:: Added:: WatchInfo: /home/vs/Development/BuffFish/BuffFish-Backend/database/node_modules 1 undefined Project: /dev/null/inferredProject1* watcher already invoked: false
[16:38:33.514] Elapsed:: 0.21692799997981638ms DirectoryWatcher:: Added:: WatchInfo: /home/vs/Development/BuffFish/BuffFish-Backend/database/node_modules 1 undefined Project: /dev/null/inferredProject1* watcher already invoked: false
[16:38:33.514] DirectoryWatcher:: Added:: WatchInfo: /home/vs/Development/BuffFish/BuffFish-Backend/controllers/bower_components
[16:38:33.514] DirectoryWatcher:: Added:: WatchInfo: /home/vs/Development/BuffFish/BuffFish-Backend/controllers/bower_components 1 undefined Project: /dev/null/inferredProject1* watcher already invoked: false
[16:38:33.514] Elapsed:: 0.11495900002773851ms DirectoryWatcher:: Added:: WatchInfo: /home/vs/Development/BuffFish/BuffFish-Backend/controllers/bower_components 1 undefined Project: /dev/null/inferredProject1* watcher already invoked: false
[16:38:33.514] DirectoryWatcher:: Added:: WatchInfo: /home/vs/Development/BuffFish/BuffFish-Backend/controllers/node_modules
[16:38:33.514] DirectoryWatcher:: Added:: WatchInfo: /home/vs/Development/BuffFish/BuffFish-Backend/controllers/node_modules 1 undefined Project: /dev/null/inferredProject1* watcher already invoked: false
[16:38:33.515] Elapsed:: 0.11265399993862957ms DirectoryWatcher:: Added:: WatchInfo: /home/vs/Development/BuffFish/BuffFish-Backend/controllers/node_modules 1 undefined Project: /dev/null/inferredProject1* watcher already invoked: false
[16:38:33.515] Installing typings ["@mapbox/node-pre-gyp","sqlite3","uuid"]
[16:38:33.515] '@mapbox/node-pre-gyp':: Entry for package 'mapbox__node-pre-gyp' does not exist in local types registry - skipping...
[16:38:33.516] Npm config file: /home/vs/.cache/typescript/4.7/package.json
[16:38:33.516] Sending response:
    {"kind":"event::beginInstallTypes","eventId":1,"typingsInstallerVersion":"4.7.2","projectName":"/dev/null/inferredProject1*"}
[16:38:33.517] Response has been sent.
[16:38:33.517] #1 with arguments'["@types/sqlite3@ts4.7","@types/uuid@ts4.7"]'.
[16:38:33.517] Exec: /usr/bin/npm install --ignore-scripts @types/sqlite3@ts4.7 @types/uuid@ts4.7 --save-dev --user-agent="typesInstaller/4.7.2"
[16:38:36.453]     Succeeded. stdout:
    
    added 2 packages, and audited 74 packages in 3s

found 0 vulnerabilities

[16:38:36.453] npm install #1 took: 2936 ms
[16:38:36.454] Installed typings ["@types/sqlite3@ts4.7","@types/uuid@ts4.7"]
[16:38:36.458] Installed typing files ["/home/vs/.cache/typescript/4.7/node_modules/@types/sqlite3/index.d.ts","/home/vs/.cache/typescript/4.7/node_modules/@types/uuid/index.d.ts"]
[16:38:36.459] Sending response:
    {"projectName":"/dev/null/inferredProject1*","typeAcquisition":{"enable":true,"include":[],"exclude":[]},"compilerOptions":{"module":1,"target":3,"jsx":1,"allowJs":true,"allowSyntheticDefaultImports":true,"allowNonTsExtensions":true,"noEmitForJsFiles":true,"maxNodeModuleJsDepth":2},"typings":["/home/vs/.cache/typescript/4.7/node_modules/@types/sqlite3/index.d.ts","/home/vs/.cache/typescript/4.7/node_modules/@types/uuid/index.d.ts"],"unresolvedImports":["@mapbox/node-pre-gyp","sqlite3","uuid"],"kind":"action::set"}
[16:38:36.459] Response has been sent.
[16:38:36.459] Sending response:
    {"kind":"event::endInstallTypes","eventId":1,"projectName":"/dev/null/inferredProject1*","packagesToInstall":["@types/sqlite3@ts4.7","@types/uuid@ts4.7"],"installSuccess":true,"typingsInstallerVersion":"4.7.2"}
[16:38:36.459] Response has been sent.
[16:38:36.909] Got install request {"projectName":"/dev/null/inferredProject1*","fileNames":["/home/vs/Development/BuffFish/BuffFish-Frontend/buff-fish/node_modules/typescript/lib/lib.es5.d.ts","/home/vs/Development/BuffFish/BuffFish-Frontend/buff-fish/node_modules/typescript/lib/lib.es2015.d.ts","/home/vs/Development/BuffFish/BuffFish-Frontend/buff-fish/node_modules/typescript/lib/lib.es2016.d.ts","/home/vs/Development/BuffFish/BuffFish-Frontend/buff-fish/node_modules/typescript/lib/lib.dom.d.ts","/home/vs/Development/BuffFish/BuffFish-Frontend/buff-fish/node_modules/typescript/lib/lib.dom.iterable.d.ts","/home/vs/Development/BuffFish/BuffFish-Frontend/buff-fish/node_modules/typescript/lib/lib.webworker.importscripts.d.ts","/home/vs/Development/BuffFish/BuffFish-Frontend/buff-fish/node_modules/typescript/lib/lib.scripthost.d.ts","/home/vs/Development/BuffFish/BuffFish-Frontend/buff-fish/node_modules/typescript/lib/lib.es2015.core.d.ts","/home/vs/Development/BuffFish/BuffFish-Frontend/buff-fish/node_modules/typescript/lib/lib.es2015.collection.d.ts","/home/vs/Development/BuffFish/BuffFish-Frontend/buff-fish/node_modules/typescript/lib/lib.es2015.generator.d.ts","/home/vs/Development/BuffFish/BuffFish-Frontend/buff-fish/node_modules/typescript/lib/lib.es2015.iterable.d.ts","/home/vs/Development/BuffFish/BuffFish-Frontend/buff-fish/node_modules/typescript/lib/lib.es2015.promise.d.ts","/home/vs/Development/BuffFish/BuffFish-Frontend/buff-fish/node_modules/typescript/lib/lib.es2015.proxy.d.ts","/home/vs/Development/BuffFish/BuffFish-Frontend/buff-fish/node_modules/typescript/lib/lib.es2015.reflect.d.ts","/home/vs/Development/BuffFish/BuffFish-Frontend/buff-fish/node_modules/typescript/lib/lib.es2015.symbol.d.ts","/home/vs/Development/BuffFish/BuffFish-Frontend/buff-fish/node_modules/typescript/lib/lib.es2015.symbol.wellknown.d.ts","/home/vs/Development/BuffFish/BuffFish-Frontend/buff-fish/node_modules/typescript/lib/lib.es2016.array.include.d.ts","/home/vs/Development/BuffFish/BuffFish-Frontend/buff-fish/node_modules/typescript/lib/lib.es2016.full.d.ts","/home/vs/.cache/typescript/4.7/node_modules/@types/sqlite3/index.d.ts","/home/vs/Development/BuffFish/BuffFish-Backend/database/database.js","/home/vs/.cache/typescript/4.7/node_modules/@types/uuid/index.d.ts","/home/vs/Development/BuffFish/BuffFish-Backend/controllers/ActivitiesController.js"],"compilerOptions":{"module":1,"target":3,"jsx":1,"allowJs":true,"allowSyntheticDefaultImports":true,"allowNonTsExtensions":true,"noEmitForJsFiles":true,"maxNodeModuleJsDepth":2},"typeAcquisition":{"enable":true,"include":[],"exclude":[]},"unresolvedImports":[],"projectRootPath":"/home/vs/Development/BuffFish/BuffFish-Backend/controllers","kind":"discover"}
[16:38:36.910] Explicitly included types: []
[16:38:36.910] Inferred typings from unresolved imports: []
[16:38:36.910] Result: {"cachedTypingPaths":[],"newTypingNames":[],"filesToWatch":["/home/vs/Development/BuffFish/BuffFish-Backend/database/bower_components","/home/vs/Development/BuffFish/BuffFish-Backend/database/node_modules","/home/vs/Development/BuffFish/BuffFish-Backend/controllers/bower_components","/home/vs/Development/BuffFish/BuffFish-Backend/controllers/node_modules"]}
[16:38:36.910] Finished typings discovery: {"cachedTypingPaths":[],"newTypingNames":[],"filesToWatch":["/home/vs/Development/BuffFish/BuffFish-Backend/database/bower_components","/home/vs/Development/BuffFish/BuffFish-Backend/database/node_modules","/home/vs/Development/BuffFish/BuffFish-Backend/controllers/bower_components","/home/vs/Development/BuffFish/BuffFish-Backend/controllers/node_modules"]}
[16:38:36.911] Sending response:
    {"projectName":"/dev/null/inferredProject1*","typeAcquisition":{"enable":true,"include":[],"exclude":[]},"compilerOptions":{"module":1,"target":3,"jsx":1,"allowJs":true,"allowSyntheticDefaultImports":true,"allowNonTsExtensions":true,"noEmitForJsFiles":true,"maxNodeModuleJsDepth":2},"typings":[],"unresolvedImports":[],"kind":"action::set"}
[16:38:36.911] Response has been sent.
[16:38:36.911] No new typings were requested as a result of typings discovery
[16:38:37.368] Got install request {"projectName":"/dev/null/inferredProject1*","fileNames":["/home/vs/Development/BuffFish/BuffFish-Frontend/buff-fish/node_modules/typescript/lib/lib.es5.d.ts","/home/vs/Development/BuffFish/BuffFish-Frontend/buff-fish/node_modules/typescript/lib/lib.es2015.d.ts","/home/vs/Development/BuffFish/BuffFish-Frontend/buff-fish/node_modules/typescript/lib/lib.es2016.d.ts","/home/vs/Development/BuffFish/BuffFish-Frontend/buff-fish/node_modules/typescript/lib/lib.dom.d.ts","/home/vs/Development/BuffFish/BuffFish-Frontend/buff-fish/node_modules/typescript/lib/lib.dom.iterable.d.ts","/home/vs/Development/BuffFish/BuffFish-Frontend/buff-fish/node_modules/typescript/lib/lib.webworker.importscripts.d.ts","/home/vs/Development/BuffFish/BuffFish-Frontend/buff-fish/node_modules/typescript/lib/lib.scripthost.d.ts","/home/vs/Development/BuffFish/BuffFish-Frontend/buff-fish/node_modules/typescript/lib/lib.es2015.core.d.ts","/home/vs/Development/BuffFish/BuffFish-Frontend/buff-fish/node_modules/typescript/lib/lib.es2015.collection.d.ts","/home/vs/Development/BuffFish/BuffFish-Frontend/buff-fish/node_modules/typescript/lib/lib.es2015.generator.d.ts","/home/vs/Development/BuffFish/BuffFish-Frontend/buff-fish/node_modules/typescript/lib/lib.es2015.iterable.d.ts","/home/vs/Development/BuffFish/BuffFish-Frontend/buff-fish/node_modules/typescript/lib/lib.es2015.promise.d.ts","/home/vs/Development/BuffFish/BuffFish-Frontend/buff-fish/node_modules/typescript/lib/lib.es2015.proxy.d.ts","/home/vs/Development/BuffFish/BuffFish-Frontend/buff-fish/node_modules/typescript/lib/lib.es2015.reflect.d.ts","/home/vs/Development/BuffFish/BuffFish-Frontend/buff-fish/node_modules/typescript/lib/lib.es2015.symbol.d.ts","/home/vs/Development/BuffFish/BuffFish-Frontend/buff-fish/node_modules/typescript/lib/lib.es2015.symbol.wellknown.d.ts","/home/vs/Development/BuffFish/BuffFish-Frontend/buff-fish/node_modules/typescript/lib/lib.es2016.array.include.d.ts","/home/vs/Development/BuffFish/BuffFish-Frontend/buff-fish/node_modules/typescript/lib/lib.es2016.full.d.ts","/home/vs/Development/BuffFish/BuffFish-Backend/database/database.js","/home/vs/Development/BuffFish/BuffFish-Backend/controllers/ActivitiesController.js"],"compilerOptions":{"module":1,"target":3,"jsx":1,"allowJs":true,"allowSyntheticDefaultImports":true,"allowNonTsExtensions":true,"noEmitForJsFiles":true,"maxNodeModuleJsDepth":2},"typeAcquisition":{"enable":true,"include":[],"exclude":[]},"unresolvedImports":[],"projectRootPath":"/home/vs/Development/BuffFish/BuffFish-Backend/controllers","kind":"discover"}
[16:38:37.368] Explicitly included types: []
[16:38:37.369] Inferred typings from unresolved imports: []
[16:38:37.369] Result: {"cachedTypingPaths":[],"newTypingNames":[],"filesToWatch":["/home/vs/Development/BuffFish/BuffFish-Backend/database/bower_components","/home/vs/Development/BuffFish/BuffFish-Backend/database/node_modules","/home/vs/Development/BuffFish/BuffFish-Backend/controllers/bower_components","/home/vs/Development/BuffFish/BuffFish-Backend/controllers/node_modules"]}
[16:38:37.369] Finished typings discovery: {"cachedTypingPaths":[],"newTypingNames":[],"filesToWatch":["/home/vs/Development/BuffFish/BuffFish-Backend/database/bower_components","/home/vs/Development/BuffFish/BuffFish-Backend/database/node_modules","/home/vs/Development/BuffFish/BuffFish-Backend/controllers/bower_components","/home/vs/Development/BuffFish/BuffFish-Backend/controllers/node_modules"]}
[16:38:37.369] Sending response:
    {"projectName":"/dev/null/inferredProject1*","typeAcquisition":{"enable":true,"include":[],"exclude":[]},"compilerOptions":{"module":1,"target":3,"jsx":1,"allowJs":true,"allowSyntheticDefaultImports":true,"allowNonTsExtensions":true,"noEmitForJsFiles":true,"maxNodeModuleJsDepth":2},"typings":[],"unresolvedImports":[],"kind":"action::set"}
[16:38:37.369] Response has been sent.
[16:38:37.369] No new typings were requested as a result of typings discovery
[16:40:10.108] Got install request {"projectName":"/dev/null/inferredProject2*","fileNames":["/home/vs/Development/BuffFish/BuffFish-Frontend/buff-fish/node_modules/typescript/lib/lib.es5.d.ts","/home/vs/Development/BuffFish/BuffFish-Frontend/buff-fish/node_modules/typescript/lib/lib.es2015.d.ts","/home/vs/Development/BuffFish/BuffFish-Frontend/buff-fish/node_modules/typescript/lib/lib.es2016.d.ts","/home/vs/Development/BuffFish/BuffFish-Frontend/buff-fish/node_modules/typescript/lib/lib.dom.d.ts","/home/vs/Development/BuffFish/BuffFish-Frontend/buff-fish/node_modules/typescript/lib/lib.dom.iterable.d.ts","/home/vs/Development/BuffFish/BuffFish-Frontend/buff-fish/node_modules/typescript/lib/lib.webworker.importscripts.d.ts","/home/vs/Development/BuffFish/BuffFish-Frontend/buff-fish/node_modules/typescript/lib/lib.scripthost.d.ts","/home/vs/Development/BuffFish/BuffFish-Frontend/buff-fish/node_modules/typescript/lib/lib.es2015.core.d.ts","/home/vs/Development/BuffFish/BuffFish-Frontend/buff-fish/node_modules/typescript/lib/lib.es2015.collection.d.ts","/home/vs/Development/BuffFish/BuffFish-Frontend/buff-fish/node_modules/typescript/lib/lib.es2015.generator.d.ts","/home/vs/Development/BuffFish/BuffFish-Frontend/buff-fish/node_modules/typescript/lib/lib.es2015.iterable.d.ts","/home/vs/Development/BuffFish/BuffFish-Frontend/buff-fish/node_modules/typescript/lib/lib.es2015.promise.d.ts","/home/vs/Development/BuffFish/BuffFish-Frontend/buff-fish/node_modules/typescript/lib/lib.es2015.proxy.d.ts","/home/vs/Development/BuffFish/BuffFish-Frontend/buff-fish/node_modules/typescript/lib/lib.es2015.reflect.d.ts","/home/vs/Development/BuffFish/BuffFish-Frontend/buff-fish/node_modules/typescript/lib/lib.es2015.symbol.d.ts","/home/vs/Development/BuffFish/BuffFish-Frontend/buff-fish/node_modules/typescript/lib/lib.es2015.symbol.wellknown.d.ts","/home/vs/Development/BuffFish/BuffFish-Frontend/buff-fish/node_modules/typescript/lib/lib.es2016.array.include.d.ts","/home/vs/Development/BuffFish/BuffFish-Frontend/buff-fish/node_modules/typescript/lib/lib.es2016.full.d.ts","/home/vs/Development/BuffFish/BuffFish-Backend/database/database.js","/home/vs/Development/BuffFish/BuffFish-Backend/controllers/AuthController.js"],"compilerOptions":{"module":1,"target":3,"jsx":1,"allowJs":true,"allowSyntheticDefaultImports":true,"allowNonTsExtensions":true,"noEmitForJsFiles":true,"maxNodeModuleJsDepth":2},"typeAcquisition":{"enable":true,"include":[],"exclude":[]},"unresolvedImports":[],"projectRootPath":"/home/vs/Development/BuffFish/BuffFish-Backend/controllers","kind":"discover"}
[16:40:10.108] Explicitly included types: []
[16:40:10.108] Inferred typings from unresolved imports: []
[16:40:10.108] Result: {"cachedTypingPaths":[],"newTypingNames":[],"filesToWatch":["/home/vs/Development/BuffFish/BuffFish-Backend/database/bower_components","/home/vs/Development/BuffFish/BuffFish-Backend/database/node_modules","/home/vs/Development/BuffFish/BuffFish-Backend/controllers/bower_components","/home/vs/Development/BuffFish/BuffFish-Backend/controllers/node_modules"]}
[16:40:10.108] Finished typings discovery: {"cachedTypingPaths":[],"newTypingNames":[],"filesToWatch":["/home/vs/Development/BuffFish/BuffFish-Backend/database/bower_components","/home/vs/Development/BuffFish/BuffFish-Backend/database/node_modules","/home/vs/Development/BuffFish/BuffFish-Backend/controllers/bower_components","/home/vs/Development/BuffFish/BuffFish-Backend/controllers/node_modules"]}
[16:40:10.109] DirectoryWatcher:: Added:: WatchInfo: /home/vs/Development/BuffFish/BuffFish-Backend/database/bower_components
[16:40:10.109] DirectoryWatcher:: Added:: WatchInfo: /home/vs/Development/BuffFish/BuffFish-Backend/database/bower_components 1 undefined Project: /dev/null/inferredProject2* watcher already invoked: false
[16:40:10.109] Elapsed:: 0.0646730000153184ms DirectoryWatcher:: Added:: WatchInfo: /home/vs/Development/BuffFish/BuffFish-Backend/database/bower_components 1 undefined Project: /dev/null/inferredProject2* watcher already invoked: false
[16:40:10.109] DirectoryWatcher:: Added:: WatchInfo: /home/vs/Development/BuffFish/BuffFish-Backend/database/node_modules
[16:40:10.109] DirectoryWatcher:: Added:: WatchInfo: /home/vs/Development/BuffFish/BuffFish-Backend/database/node_modules 1 undefined Project: /dev/null/inferredProject2* watcher already invoked: false
[16:40:10.109] Elapsed:: 0.02626000007148832ms DirectoryWatcher:: Added:: WatchInfo: /home/vs/Development/BuffFish/BuffFish-Backend/database/node_modules 1 undefined Project: /dev/null/inferredProject2* watcher already invoked: false
[16:40:10.109] DirectoryWatcher:: Added:: WatchInfo: /home/vs/Development/BuffFish/BuffFish-Backend/controllers/bower_components
[16:40:10.109] DirectoryWatcher:: Added:: WatchInfo: /home/vs/Development/BuffFish/BuffFish-Backend/controllers/bower_components 1 undefined Project: /dev/null/inferredProject2* watcher already invoked: false
[16:40:10.110] Elapsed:: 0.02479299996048212ms DirectoryWatcher:: Added:: WatchInfo: /home/vs/Development/BuffFish/BuffFish-Backend/controllers/bower_components 1 undefined Project: /dev/null/inferredProject2* watcher already invoked: false
[16:40:10.110] DirectoryWatcher:: Added:: WatchInfo: /home/vs/Development/BuffFish/BuffFish-Backend/controllers/node_modules
[16:40:10.110] DirectoryWatcher:: Added:: WatchInfo: /home/vs/Development/BuffFish/BuffFish-Backend/controllers/node_modules 1 undefined Project: /dev/null/inferredProject2* watcher already invoked: false
[16:40:10.110] Elapsed:: 0.3191749999532476ms DirectoryWatcher:: Added:: WatchInfo: /home/vs/Development/BuffFish/BuffFish-Backend/controllers/node_modules 1 undefined Project: /dev/null/inferredProject2* watcher already invoked: false
[16:40:10.110] Sending response:
    {"projectName":"/dev/null/inferredProject2*","typeAcquisition":{"enable":true,"include":[],"exclude":[]},"compilerOptions":{"module":1,"target":3,"jsx":1,"allowJs":true,"allowSyntheticDefaultImports":true,"allowNonTsExtensions":true,"noEmitForJsFiles":true,"maxNodeModuleJsDepth":2},"typings":[],"unresolvedImports":[],"kind":"action::set"}
[16:40:10.110] Response has been sent.
[16:40:10.110] No new typings were requested as a result of typings discovery
[16:40:40.593] Got install request {"projectName":"/dev/null/inferredProject3*","fileNames":["/home/vs/Development/BuffFish/BuffFish-Frontend/buff-fish/node_modules/typescript/lib/lib.es5.d.ts","/home/vs/Development/BuffFish/BuffFish-Frontend/buff-fish/node_modules/typescript/lib/lib.es2015.d.ts","/home/vs/Development/BuffFish/BuffFish-Frontend/buff-fish/node_modules/typescript/lib/lib.es2016.d.ts","/home/vs/Development/BuffFish/BuffFish-Frontend/buff-fish/node_modules/typescript/lib/lib.dom.d.ts","/home/vs/Development/BuffFish/BuffFish-Frontend/buff-fish/node_modules/typescript/lib/lib.dom.iterable.d.ts","/home/vs/Development/BuffFish/BuffFish-Frontend/buff-fish/node_modules/typescript/lib/lib.webworker.importscripts.d.ts","/home/vs/Development/BuffFish/BuffFish-Frontend/buff-fish/node_modules/typescript/lib/lib.scripthost.d.ts","/home/vs/Development/BuffFish/BuffFish-Frontend/buff-fish/node_modules/typescript/lib/lib.es2015.core.d.ts","/home/vs/Development/BuffFish/BuffFish-Frontend/buff-fish/node_modules/typescript/lib/lib.es2015.collection.d.ts","/home/vs/Development/BuffFish/BuffFish-Frontend/buff-fish/node_modules/typescript/lib/lib.es2015.generator.d.ts","/home/vs/Development/BuffFish/BuffFish-Frontend/buff-fish/node_modules/typescript/lib/lib.es2015.iterable.d.ts","/home/vs/Development/BuffFish/BuffFish-Frontend/buff-fish/node_modules/typescript/lib/lib.es2015.promise.d.ts","/home/vs/Development/BuffFish/BuffFish-Frontend/buff-fish/node_modules/typescript/lib/lib.es2015.proxy.d.ts","/home/vs/Development/BuffFish/BuffFish-Frontend/buff-fish/node_modules/typescript/lib/lib.es2015.reflect.d.ts","/home/vs/Development/BuffFish/BuffFish-Frontend/buff-fish/node_modules/typescript/lib/lib.es2015.symbol.d.ts","/home/vs/Development/BuffFish/BuffFish-Frontend/buff-fish/node_modules/typescript/lib/lib.es2015.symbol.wellknown.d.ts","/home/vs/Development/BuffFish/BuffFish-Frontend/buff-fish/node_modules/typescript/lib/lib.es2016.array.include.d.ts","/home/vs/Development/BuffFish/BuffFish-Frontend/buff-fish/node_modules/typescript/lib/lib.es2016.full.d.ts","/home/vs/Development/BuffFish/BuffFish-Backend/database/database.js","/home/vs/Development/BuffFish/BuffFish-Backend/controllers/UserController.js"],"compilerOptions":{"module":1,"target":3,"jsx":1,"allowJs":true,"allowSyntheticDefaultImports":true,"allowNonTsExtensions":true,"noEmitForJsFiles":true,"maxNodeModuleJsDepth":2},"typeAcquisition":{"enable":true,"include":[],"exclude":[]},"unresolvedImports":[],"projectRootPath":"/home/vs/Development/BuffFish/BuffFish-Backend/controllers","kind":"discover"}
[16:40:40.593] Explicitly included types: []
[16:40:40.594] Inferred typings from unresolved imports: []
[16:40:40.594] Result: {"cachedTypingPaths":[],"newTypingNames":[],"filesToWatch":["/home/vs/Development/BuffFish/BuffFish-Backend/database/bower_components","/home/vs/Development/BuffFish/BuffFish-Backend/database/node_modules","/home/vs/Development/BuffFish/BuffFish-Backend/controllers/bower_components","/home/vs/Development/BuffFish/BuffFish-Backend/controllers/node_modules"]}
[16:40:40.594] Finished typings discovery: {"cachedTypingPaths":[],"newTypingNames":[],"filesToWatch":["/home/vs/Development/BuffFish/BuffFish-Backend/database/bower_components","/home/vs/Development/BuffFish/BuffFish-Backend/database/node_modules","/home/vs/Development/BuffFish/BuffFish-Backend/controllers/bower_components","/home/vs/Development/BuffFish/BuffFish-Backend/controllers/node_modules"]}
[16:40:40.594] DirectoryWatcher:: Added:: WatchInfo: /home/vs/Development/BuffFish/BuffFish-Backend/database/bower_components
[16:40:40.595] DirectoryWatcher:: Added:: WatchInfo: /home/vs/Development/BuffFish/BuffFish-Backend/database/bower_components 1 undefined Project: /dev/null/inferredProject3* watcher already invoked: false
[16:40:40.595] Elapsed:: 0.06139000004623085ms DirectoryWatcher:: Added:: WatchInfo: /home/vs/Development/BuffFish/BuffFish-Backend/database/bower_components 1 undefined Project: /dev/null/inferredProject3* watcher already invoked: false
[16:40:40.595] DirectoryWatcher:: Added:: WatchInfo: /home/vs/Development/BuffFish/BuffFish-Backend/database/node_modules
[16:40:40.595] DirectoryWatcher:: Added:: WatchInfo: /home/vs/Development/BuffFish/BuffFish-Backend/database/node_modules 1 undefined Project: /dev/null/inferredProject3* watcher already invoked: false
[16:40:40.595] Elapsed:: 0.02507299999706447ms DirectoryWatcher:: Added:: WatchInfo: /home/vs/Development/BuffFish/BuffFish-Backend/database/node_modules 1 undefined Project: /dev/null/inferredProject3* watcher already invoked: false
[16:40:40.595] DirectoryWatcher:: Added:: WatchInfo: /home/vs/Development/BuffFish/BuffFish-Backend/controllers/bower_components
[16:40:40.595] DirectoryWatcher:: Added:: WatchInfo: /home/vs/Development/BuffFish/BuffFish-Backend/controllers/bower_components 1 undefined Project: /dev/null/inferredProject3* watcher already invoked: false
[16:40:40.595] Elapsed:: 0.1563750000204891ms DirectoryWatcher:: Added:: WatchInfo: /home/vs/Development/BuffFish/BuffFish-Backend/controllers/bower_components 1 undefined Project: /dev/null/inferredProject3* watcher already invoked: false
[16:40:40.595] DirectoryWatcher:: Added:: WatchInfo: /home/vs/Development/BuffFish/BuffFish-Backend/controllers/node_modules
[16:40:40.595] DirectoryWatcher:: Added:: WatchInfo: /home/vs/Development/BuffFish/BuffFish-Backend/controllers/node_modules 1 undefined Project: /dev/null/inferredProject3* watcher already invoked: false
[16:40:40.595] Elapsed:: 0.02653999999165535ms DirectoryWatcher:: Added:: WatchInfo: /home/vs/Development/BuffFish/BuffFish-Backend/controllers/node_modules 1 undefined Project: /dev/null/inferredProject3* watcher already invoked: false
[16:40:40.596] Sending response:
    {"projectName":"/dev/null/inferredProject3*","typeAcquisition":{"enable":true,"include":[],"exclude":[]},"compilerOptions":{"module":1,"target":3,"jsx":1,"allowJs":true,"allowSyntheticDefaultImports":true,"allowNonTsExtensions":true,"noEmitForJsFiles":true,"maxNodeModuleJsDepth":2},"typings":[],"unresolvedImports":[],"kind":"action::set"}
[16:40:40.596] Response has been sent.
[16:40:40.596] No new typings were requested as a result of typings discovery
[16:41:35.965] Got install request {"projectName":"/dev/null/inferredProject4*","fileNames":[],"compilerOptions":{"module":1,"target":3,"jsx":1,"allowJs":true,"allowSyntheticDefaultImports":true,"allowNonTsExtensions":true,"noEmitForJsFiles":true},"typeAcquisition":{"enable":true,"include":[],"exclude":[]},"unresolvedImports":[],"projectRootPath":"/home/vs/Development/BuffFish/BuffFish-Frontend/buff-fish/src/containers/Dashboard","kind":"discover"}
[16:41:35.965] Explicitly included types: []
[16:41:35.966] Inferred typings from unresolved imports: []
[16:41:35.966] Result: {"cachedTypingPaths":[],"newTypingNames":[],"filesToWatch":["/home/vs/Development/BuffFish/BuffFish-Frontend/buff-fish/src/containers/Dashboard/bower_components","/home/vs/Development/BuffFish/BuffFish-Frontend/buff-fish/src/containers/Dashboard/node_modules"]}
[16:41:35.966] Finished typings discovery: {"cachedTypingPaths":[],"newTypingNames":[],"filesToWatch":["/home/vs/Development/BuffFish/BuffFish-Frontend/buff-fish/src/containers/Dashboard/bower_components","/home/vs/Development/BuffFish/BuffFish-Frontend/buff-fish/src/containers/Dashboard/node_modules"]}
[16:41:35.966] DirectoryWatcher:: Added:: WatchInfo: /home/vs/Development/BuffFish/BuffFish-Frontend/buff-fish/src/containers/Dashboard/bower_components
[16:41:35.966] DirectoryWatcher:: Added:: WatchInfo: /home/vs/Development/BuffFish/BuffFish-Frontend/buff-fish/src/containers/Dashboard/bower_components 1 undefined Project: /dev/null/inferredProject4* watcher already invoked: false
[16:41:35.967] Elapsed:: 0.4258230000268668ms DirectoryWatcher:: Added:: WatchInfo: /home/vs/Development/BuffFish/BuffFish-Frontend/buff-fish/src/containers/Dashboard/bower_components 1 undefined Project: /dev/null/inferredProject4* watcher already invoked: false
[16:41:35.967] DirectoryWatcher:: Added:: WatchInfo: /home/vs/Development/BuffFish/BuffFish-Frontend/buff-fish/src/containers/Dashboard/node_modules
[16:41:35.967] DirectoryWatcher:: Added:: WatchInfo: /home/vs/Development/BuffFish/BuffFish-Frontend/buff-fish/src/containers/Dashboard/node_modules 1 undefined Project: /dev/null/inferredProject4* watcher already invoked: false
[16:41:35.967] Elapsed:: 0.20037499989848584ms DirectoryWatcher:: Added:: WatchInfo: /home/vs/Development/BuffFish/BuffFish-Frontend/buff-fish/src/containers/Dashboard/node_modules 1 undefined Project: /dev/null/inferredProject4* watcher already invoked: false
[16:41:35.967] Sending response:
    {"projectName":"/dev/null/inferredProject4*","typeAcquisition":{"enable":true,"include":[],"exclude":[]},"compilerOptions":{"module":1,"target":3,"jsx":1,"allowJs":true,"allowSyntheticDefaultImports":true,"allowNonTsExtensions":true,"noEmitForJsFiles":true},"typings":[],"unresolvedImports":[],"kind":"action::set"}
[16:41:35.968] Response has been sent.
[16:41:35.968] No new typings were requested as a result of typings discovery
[16:59:12.771] Got install request {"projectName":"/dev/null/inferredProject5*","fileNames":[],"compilerOptions":{"module":1,"target":3,"jsx":1,"allowJs":true,"allowSyntheticDefaultImports":true,"allowNonTsExtensions":true,"noEmitForJsFiles":true},"typeAcquisition":{"enable":true,"include":[],"exclude":[]},"unresolvedImports":[],"projectRootPath":"/home/vs/Development/BuffFish/BuffFish-Frontend/buff-fish/src/components/Charts","kind":"discover"}
[16:59:12.771] Explicitly included types: []
[16:59:12.772] Inferred typings from unresolved imports: []
[16:59:12.772] Result: {"cachedTypingPaths":[],"newTypingNames":[],"filesToWatch":["/home/vs/Development/BuffFish/BuffFish-Frontend/buff-fish/src/components/Charts/bower_components","/home/vs/Development/BuffFish/BuffFish-Frontend/buff-fish/src/components/Charts/node_modules"]}
[16:59:12.772] Finished typings discovery: {"cachedTypingPaths":[],"newTypingNames":[],"filesToWatch":["/home/vs/Development/BuffFish/BuffFish-Frontend/buff-fish/src/components/Charts/bower_components","/home/vs/Development/BuffFish/BuffFish-Frontend/buff-fish/src/components/Charts/node_modules"]}
[16:59:12.772] DirectoryWatcher:: Added:: WatchInfo: /home/vs/Development/BuffFish/BuffFish-Frontend/buff-fish/src/components/Charts/bower_components
[16:59:12.772] DirectoryWatcher:: Added:: WatchInfo: /home/vs/Development/BuffFish/BuffFish-Frontend/buff-fish/src/components/Charts/bower_components 1 undefined Project: /dev/null/inferredProject5* watcher already invoked: false
[16:59:12.773] Elapsed:: 0.532401000149548ms DirectoryWatcher:: Added:: WatchInfo: /home/vs/Development/BuffFish/BuffFish-Frontend/buff-fish/src/components/Charts/bower_components 1 undefined Project: /dev/null/inferredProject5* watcher already invoked: false
[16:59:12.773] DirectoryWatcher:: Added:: WatchInfo: /home/vs/Development/BuffFish/BuffFish-Frontend/buff-fish/src/components/Charts/node_modules
[16:59:12.773] DirectoryWatcher:: Added:: WatchInfo: /home/vs/Development/BuffFish/BuffFish-Frontend/buff-fish/src/components/Charts/node_modules 1 undefined Project: /dev/null/inferredProject5* watcher already invoked: false
[16:59:12.773] Elapsed:: 0.23787999991327524ms DirectoryWatcher:: Added:: WatchInfo: /home/vs/Development/BuffFish/BuffFish-Frontend/buff-fish/src/components/Charts/node_modules 1 undefined Project: /dev/null/inferredProject5* watcher already invoked: false
[16:59:12.773] Sending response:
    {"projectName":"/dev/null/inferredProject5*","typeAcquisition":{"enable":true,"include":[],"exclude":[]},"compilerOptions":{"module":1,"target":3,"jsx":1,"allowJs":true,"allowSyntheticDefaultImports":true,"allowNonTsExtensions":true,"noEmitForJsFiles":true},"typings":[],"unresolvedImports":[],"kind":"action::set"}
[16:59:12.773] Response has been sent.
[16:59:12.773] No new typings were requested as a result of typings discovery
[17:01:40.551] Got install request {"projectName":"/dev/null/inferredProject6*","fileNames":[],"compilerOptions":{"module":1,"target":3,"jsx":1,"allowJs":true,"allowSyntheticDefaultImports":true,"allowNonTsExtensions":true,"noEmitForJsFiles":true},"typeAcquisition":{"enable":true,"include":[],"exclude":[]},"unresolvedImports":[],"projectRootPath":"/home/vs/Development/BuffFish/BuffFish-Frontend/buff-fish/src/data/types","kind":"discover"}
[17:01:40.552] Explicitly included types: []
[17:01:40.552] Inferred typings from unresolved imports: []
[17:01:40.552] Result: {"cachedTypingPaths":[],"newTypingNames":[],"filesToWatch":["/home/vs/Development/BuffFish/BuffFish-Frontend/buff-fish/src/data/types/bower_components","/home/vs/Development/BuffFish/BuffFish-Frontend/buff-fish/src/data/types/node_modules"]}
[17:01:40.552] Finished typings discovery: {"cachedTypingPaths":[],"newTypingNames":[],"filesToWatch":["/home/vs/Development/BuffFish/BuffFish-Frontend/buff-fish/src/data/types/bower_components","/home/vs/Development/BuffFish/BuffFish-Frontend/buff-fish/src/data/types/node_modules"]}
[17:01:40.552] DirectoryWatcher:: Added:: WatchInfo: /home/vs/Development/BuffFish/BuffFish-Frontend/buff-fish/src/data/types/bower_components
[17:01:40.552] DirectoryWatcher:: Added:: WatchInfo: /home/vs/Development/BuffFish/BuffFish-Frontend/buff-fish/src/data/types/bower_components 1 undefined Project: /dev/null/inferredProject6* watcher already invoked: false
[17:01:40.553] Elapsed:: 0.8394929999485612ms DirectoryWatcher:: Added:: WatchInfo: /home/vs/Development/BuffFish/BuffFish-Frontend/buff-fish/src/data/types/bower_components 1 undefined Project: /dev/null/inferredProject6* watcher already invoked: false
[17:01:40.553] DirectoryWatcher:: Added:: WatchInfo: /home/vs/Development/BuffFish/BuffFish-Frontend/buff-fish/src/data/types/node_modules
[17:01:40.553] DirectoryWatcher:: Added:: WatchInfo: /home/vs/Development/BuffFish/BuffFish-Frontend/buff-fish/src/data/types/node_modules 1 undefined Project: /dev/null/inferredProject6* watcher already invoked: false
[17:01:40.554] Elapsed:: 0.28041400015354156ms DirectoryWatcher:: Added:: WatchInfo: /home/vs/Development/BuffFish/BuffFish-Frontend/buff-fish/src/data/types/node_modules 1 undefined Project: /dev/null/inferredProject6* watcher already invoked: false
[17:01:40.554] Sending response:
    {"projectName":"/dev/null/inferredProject6*","typeAcquisition":{"enable":true,"include":[],"exclude":[]},"compilerOptions":{"module":1,"target":3,"jsx":1,"allowJs":true,"allowSyntheticDefaultImports":true,"allowNonTsExtensions":true,"noEmitForJsFiles":true},"typings":[],"unresolvedImports":[],"kind":"action::set"}
[17:01:40.554] Response has been sent.
[17:01:40.554] No new typings were requested as a result of typings discovery
[17:46:47.493] Got install request {"projectName":"/dev/null/inferredProject7*","fileNames":[],"compilerOptions":{"module":1,"target":3,"jsx":1,"allowJs":true,"allowSyntheticDefaultImports":true,"allowNonTsExtensions":true,"noEmitForJsFiles":true},"typeAcquisition":{"enable":true,"include":[],"exclude":[]},"unresolvedImports":[],"projectRootPath":"/home/vs/Development/BuffFish/BuffFish-Frontend/buff-fish/src/components/Tables","kind":"discover"}
[17:46:47.493] Explicitly included types: []
[17:46:47.494] Inferred typings from unresolved imports: []
[17:46:47.494] Result: {"cachedTypingPaths":[],"newTypingNames":[],"filesToWatch":["/home/vs/Development/BuffFish/BuffFish-Frontend/buff-fish/src/components/Tables/bower_components","/home/vs/Development/BuffFish/BuffFish-Frontend/buff-fish/src/components/Tables/node_modules"]}
[17:46:47.494] Finished typings discovery: {"cachedTypingPaths":[],"newTypingNames":[],"filesToWatch":["/home/vs/Development/BuffFish/BuffFish-Frontend/buff-fish/src/components/Tables/bower_components","/home/vs/Development/BuffFish/BuffFish-Frontend/buff-fish/src/components/Tables/node_modules"]}
[17:46:47.494] DirectoryWatcher:: Added:: WatchInfo: /home/vs/Development/BuffFish/BuffFish-Frontend/buff-fish/src/components/Tables/bower_components
[17:46:47.494] DirectoryWatcher:: Added:: WatchInfo: /home/vs/Development/BuffFish/BuffFish-Frontend/buff-fish/src/components/Tables/bower_components 1 undefined Project: /dev/null/inferredProject7* watcher already invoked: false
[17:46:47.494] Elapsed:: 0.28292699996382ms DirectoryWatcher:: Added:: WatchInfo: /home/vs/Development/BuffFish/BuffFish-Frontend/buff-fish/src/components/Tables/bower_components 1 undefined Project: /dev/null/inferredProject7* watcher already invoked: false
[17:46:47.495] DirectoryWatcher:: Added:: WatchInfo: /home/vs/Development/BuffFish/BuffFish-Frontend/buff-fish/src/components/Tables/node_modules
[17:46:47.495] DirectoryWatcher:: Added:: WatchInfo: /home/vs/Development/BuffFish/BuffFish-Frontend/buff-fish/src/components/Tables/node_modules 1 undefined Project: /dev/null/inferredProject7* watcher already invoked: false
[17:46:47.495] Elapsed:: 0.1947879996150732ms DirectoryWatcher:: Added:: WatchInfo: /home/vs/Development/BuffFish/BuffFish-Frontend/buff-fish/src/components/Tables/node_modules 1 undefined Project: /dev/null/inferredProject7* watcher already invoked: false
[17:46:47.495] Sending response:
    {"projectName":"/dev/null/inferredProject7*","typeAcquisition":{"enable":true,"include":[],"exclude":[]},"compilerOptions":{"module":1,"target":3,"jsx":1,"allowJs":true,"allowSyntheticDefaultImports":true,"allowNonTsExtensions":true,"noEmitForJsFiles":true},"typings":[],"unresolvedImports":[],"kind":"action::set"}
[17:46:47.495] Response has been sent.
[17:46:47.495] No new typings were requested as a result of typings discovery
