[17:18:09.108] Global cache location '/home/vs/.cache/typescript/4.7', safe file path '/home/vs/Development/BuffFish/BuffFish-Frontend/buff-fish/node_modules/typescript/lib/typingSafeList.json', types map path /home/vs/Development/BuffFish/BuffFish-Frontend/buff-fish/node_modules/typescript/lib/typesMap.json
[17:18:09.109] Processing cache location '/home/vs/.cache/typescript/4.7'
[17:18:09.109] Trying to find '/home/vs/.cache/typescript/4.7/package.json'...
[17:18:09.116] Loaded content of '/home/vs/.cache/typescript/4.7/package.json': {"private":true,"dependencies":{"types-registry":"^0.1.601"},"devDependencies":{"@types/aws4":"^1.11.2","@types/body-parser":"^1.19.2","@types/caseless":"^0.12.2","@types/chai":"^4.3.1","@types/chai-as-promised":"^7.1.5","@types/check-error":"^1.0.0","@types/cssstyle":"^2.2.1","@types/data-urls":"^2.0.1","@types/domexception":"^4.0.0","@types/eslint":"^8.4.5","@types/eslint-config-prettier":"^6.11.0","@types/eslint-plugin-prettier":"^3.1.0","@types/express":"^4.17.13","@types/extend":"^3.0.1","@types/forever-agent":"^0.6.1","@types/html-encoding-sniffer":"^2.0.2","@types/ical":"^0.8.0","@types/is-typedarray":"^1.0.0","@types/isstream":"^0.1.0","@types/jsdom":"^16.2.14","@types/json-stringify-safe":"^5.0.0","@types/lodash":"^4.14.182","@types/merge-descriptors":"^1.0.1","@types/mime-types":"^2.1.1","@types/mocha":"^9.1.1","@types/mocha-each":"^2.0.0","@types/module-alias":"^2.0.1","@types/node-fetch":"^2.6.2","@types/nunjucks":"^3.2.1","@types/object-assign":"^4.0.30","@types/parse5":"^6.0.3","@types/prettier":"^2.6.3","@types/pretty-quick":"^3.1.1","@types/raf-schd":"^4.0.1","@types/react-dom":"^18.0.5","@types/request":"^2.48.8","@types/request-promise-native":"^1.0.18","@types/serve-static":"^1.13.10","@types/sprintf-js":"^1.1.2","@types/sqlite3":"^3.1.8","@types/suncalc":"^1.8.1","@types/tough-cookie":"^4.0.2","@types/uuid":"^8.3.4","@types/valid-url":"^1.0.3","@types/w3c-hr-time":"^1.0.0","@types/w3c-xmlserializer":"^2.0.2","@types/webidl-conversions":"^6.1.1","@types/whatwg-encoding":"^1.0.0","@types/whatwg-mimetype":"^2.1.1","@types/whatwg-url":"^8.2.2"}}
[17:18:09.117] Loaded content of '/home/vs/.cache/typescript/4.7/package-lock.json'
[17:18:09.136] Adding entry into typings cache: 'aws4' => '/home/vs/.cache/typescript/4.7/node_modules/@types/aws4/index.d.ts'
[17:18:09.141] Adding entry into typings cache: 'body-parser' => '/home/vs/.cache/typescript/4.7/node_modules/@types/body-parser/index.d.ts'
[17:18:09.143] Adding entry into typings cache: 'caseless' => '/home/vs/.cache/typescript/4.7/node_modules/@types/caseless/index.d.ts'
[17:18:09.146] Adding entry into typings cache: 'chai' => '/home/vs/.cache/typescript/4.7/node_modules/@types/chai/index.d.ts'
[17:18:09.149] Adding entry into typings cache: 'chai-as-promised' => '/home/vs/.cache/typescript/4.7/node_modules/@types/chai-as-promised/index.d.ts'
[17:18:09.151] Adding entry into typings cache: 'check-error' => '/home/vs/.cache/typescript/4.7/node_modules/@types/check-error/index.d.ts'
[17:18:09.152] Adding entry into typings cache: 'cssstyle' => '/home/vs/.cache/typescript/4.7/node_modules/@types/cssstyle/index.d.ts'
[17:18:09.154] Adding entry into typings cache: 'data-urls' => '/home/vs/.cache/typescript/4.7/node_modules/@types/data-urls/index.d.ts'
[17:18:09.157] Adding entry into typings cache: 'domexception' => '/home/vs/.cache/typescript/4.7/node_modules/@types/domexception/index.d.ts'
[17:18:09.159] Adding entry into typings cache: 'eslint' => '/home/vs/.cache/typescript/4.7/node_modules/@types/eslint/index.d.ts'
[17:18:09.161] Adding entry into typings cache: 'eslint-config-prettier' => '/home/vs/.cache/typescript/4.7/node_modules/@types/eslint-config-prettier/index.d.ts'
[17:18:09.163] Adding entry into typings cache: 'eslint-plugin-prettier' => '/home/vs/.cache/typescript/4.7/node_modules/@types/eslint-plugin-prettier/index.d.ts'
[17:18:09.168] Adding entry into typings cache: 'express' => '/home/vs/.cache/typescript/4.7/node_modules/@types/express/index.d.ts'
[17:18:09.169] Adding entry into typings cache: 'extend' => '/home/vs/.cache/typescript/4.7/node_modules/@types/extend/index.d.ts'
[17:18:09.170] Adding entry into typings cache: 'forever-agent' => '/home/vs/.cache/typescript/4.7/node_modules/@types/forever-agent/index.d.ts'
[17:18:09.171] Adding entry into typings cache: 'html-encoding-sniffer' => '/home/vs/.cache/typescript/4.7/node_modules/@types/html-encoding-sniffer/index.d.ts'
[17:18:09.172] Adding entry into typings cache: 'ical' => '/home/vs/.cache/typescript/4.7/node_modules/@types/ical/index.d.ts'
[17:18:09.174] Adding entry into typings cache: 'is-typedarray' => '/home/vs/.cache/typescript/4.7/node_modules/@types/is-typedarray/index.d.ts'
[17:18:09.175] Adding entry into typings cache: 'isstream' => '/home/vs/.cache/typescript/4.7/node_modules/@types/isstream/index.d.ts'
[17:18:09.176] Adding entry into typings cache: 'jsdom' => '/home/vs/.cache/typescript/4.7/node_modules/@types/jsdom/index.d.ts'
[17:18:09.178] Adding entry into typings cache: 'json-stringify-safe' => '/home/vs/.cache/typescript/4.7/node_modules/@types/json-stringify-safe/index.d.ts'
[17:18:09.180] Adding entry into typings cache: 'lodash' => '/home/vs/.cache/typescript/4.7/node_modules/@types/lodash/index.d.ts'
[17:18:09.181] Adding entry into typings cache: 'merge-descriptors' => '/home/vs/.cache/typescript/4.7/node_modules/@types/merge-descriptors/index.d.ts'
[17:18:09.183] Adding entry into typings cache: 'mime-types' => '/home/vs/.cache/typescript/4.7/node_modules/@types/mime-types/index.d.ts'
[17:18:09.185] Adding entry into typings cache: 'mocha' => '/home/vs/.cache/typescript/4.7/node_modules/@types/mocha/index.d.ts'
[17:18:09.186] Adding entry into typings cache: 'mocha-each' => '/home/vs/.cache/typescript/4.7/node_modules/@types/mocha-each/index.d.ts'
[17:18:09.187] Adding entry into typings cache: 'module-alias' => '/home/vs/.cache/typescript/4.7/node_modules/@types/module-alias/index.d.ts'
[17:18:09.190] Adding entry into typings cache: 'node-fetch' => '/home/vs/.cache/typescript/4.7/node_modules/@types/node-fetch/index.d.ts'
[17:18:09.192] Adding entry into typings cache: 'nunjucks' => '/home/vs/.cache/typescript/4.7/node_modules/@types/nunjucks/index.d.ts'
[17:18:09.193] Adding entry into typings cache: 'object-assign' => '/home/vs/.cache/typescript/4.7/node_modules/@types/object-assign/index.d.ts'
[17:18:09.194] Adding entry into typings cache: 'parse5' => '/home/vs/.cache/typescript/4.7/node_modules/@types/parse5/index.d.ts'
[17:18:09.196] Adding entry into typings cache: 'prettier' => '/home/vs/.cache/typescript/4.7/node_modules/@types/prettier/index.d.ts'
[17:18:09.197] Adding entry into typings cache: 'pretty-quick' => '/home/vs/.cache/typescript/4.7/node_modules/@types/pretty-quick/index.d.ts'
[17:18:09.198] Adding entry into typings cache: 'raf-schd' => '/home/vs/.cache/typescript/4.7/node_modules/@types/raf-schd/index.d.ts'
[17:18:09.199] Adding entry into typings cache: 'react-dom' => '/home/vs/.cache/typescript/4.7/node_modules/@types/react-dom/index.d.ts'
[17:18:09.200] Adding entry into typings cache: 'request' => '/home/vs/.cache/typescript/4.7/node_modules/@types/request/index.d.ts'
[17:18:09.201] Adding entry into typings cache: 'request-promise-native' => '/home/vs/.cache/typescript/4.7/node_modules/@types/request-promise-native/index.d.ts'
[17:18:09.202] Adding entry into typings cache: 'serve-static' => '/home/vs/.cache/typescript/4.7/node_modules/@types/serve-static/index.d.ts'
[17:18:09.203] Adding entry into typings cache: 'sprintf-js' => '/home/vs/.cache/typescript/4.7/node_modules/@types/sprintf-js/index.d.ts'
[17:18:09.204] Adding entry into typings cache: 'sqlite3' => '/home/vs/.cache/typescript/4.7/node_modules/@types/sqlite3/index.d.ts'
[17:18:09.205] Adding entry into typings cache: 'suncalc' => '/home/vs/.cache/typescript/4.7/node_modules/@types/suncalc/index.d.ts'
[17:18:09.206] Adding entry into typings cache: 'tough-cookie' => '/home/vs/.cache/typescript/4.7/node_modules/@types/tough-cookie/index.d.ts'
[17:18:09.207] Adding entry into typings cache: 'uuid' => '/home/vs/.cache/typescript/4.7/node_modules/@types/uuid/index.d.ts'
[17:18:09.208] Adding entry into typings cache: 'valid-url' => '/home/vs/.cache/typescript/4.7/node_modules/@types/valid-url/index.d.ts'
[17:18:09.209] Adding entry into typings cache: 'w3c-hr-time' => '/home/vs/.cache/typescript/4.7/node_modules/@types/w3c-hr-time/index.d.ts'
[17:18:09.211] Adding entry into typings cache: 'w3c-xmlserializer' => '/home/vs/.cache/typescript/4.7/node_modules/@types/w3c-xmlserializer/index.d.ts'
[17:18:09.211] Adding entry into typings cache: 'webidl-conversions' => '/home/vs/.cache/typescript/4.7/node_modules/@types/webidl-conversions/index.d.ts'
[17:18:09.213] Adding entry into typings cache: 'whatwg-encoding' => '/home/vs/.cache/typescript/4.7/node_modules/@types/whatwg-encoding/index.d.ts'
[17:18:09.213] Adding entry into typings cache: 'whatwg-mimetype' => '/home/vs/.cache/typescript/4.7/node_modules/@types/whatwg-mimetype/index.d.ts'
[17:18:09.214] Adding entry into typings cache: 'whatwg-url' => '/home/vs/.cache/typescript/4.7/node_modules/@types/whatwg-url/index.d.ts'
[17:18:09.215] Finished processing cache location '/home/vs/.cache/typescript/4.7'
[17:18:09.215] Process id: 4287
[17:18:09.215] NPM location: /usr/bin/npm (explicit '--npmLocation' not  provided)
[17:18:09.215] validateDefaultNpmLocation: false
[17:18:09.215] Npm config file: /home/vs/.cache/typescript/4.7/package.json
[17:18:09.215] Updating types-registry npm package...
[17:18:09.216] Exec: /usr/bin/npm install --ignore-scripts types-registry@latest
[17:18:10.632]     Succeeded. stdout:
    
    up to date, audited 74 packages in 1s

found 0 vulnerabilities

[17:18:10.632] Updated types-registry npm package
[17:30:39.413] Got install request {"projectName":"/dev/null/inferredProject1*","fileNames":["/home/vs/Development/BuffFish/BuffFish-Frontend/buff-fish/node_modules/typescript/lib/lib.es5.d.ts","/home/vs/Development/BuffFish/BuffFish-Frontend/buff-fish/node_modules/typescript/lib/lib.es2015.d.ts","/home/vs/Development/BuffFish/BuffFish-Frontend/buff-fish/node_modules/typescript/lib/lib.es2016.d.ts","/home/vs/Development/BuffFish/BuffFish-Frontend/buff-fish/node_modules/typescript/lib/lib.dom.d.ts","/home/vs/Development/BuffFish/BuffFish-Frontend/buff-fish/node_modules/typescript/lib/lib.dom.iterable.d.ts","/home/vs/Development/BuffFish/BuffFish-Frontend/buff-fish/node_modules/typescript/lib/lib.webworker.importscripts.d.ts","/home/vs/Development/BuffFish/BuffFish-Frontend/buff-fish/node_modules/typescript/lib/lib.scripthost.d.ts","/home/vs/Development/BuffFish/BuffFish-Frontend/buff-fish/node_modules/typescript/lib/lib.es2015.core.d.ts","/home/vs/Development/BuffFish/BuffFish-Frontend/buff-fish/node_modules/typescript/lib/lib.es2015.collection.d.ts","/home/vs/Development/BuffFish/BuffFish-Frontend/buff-fish/node_modules/typescript/lib/lib.es2015.generator.d.ts","/home/vs/Development/BuffFish/BuffFish-Frontend/buff-fish/node_modules/typescript/lib/lib.es2015.iterable.d.ts","/home/vs/Development/BuffFish/BuffFish-Frontend/buff-fish/node_modules/typescript/lib/lib.es2015.promise.d.ts","/home/vs/Development/BuffFish/BuffFish-Frontend/buff-fish/node_modules/typescript/lib/lib.es2015.proxy.d.ts","/home/vs/Development/BuffFish/BuffFish-Frontend/buff-fish/node_modules/typescript/lib/lib.es2015.reflect.d.ts","/home/vs/Development/BuffFish/BuffFish-Frontend/buff-fish/node_modules/typescript/lib/lib.es2015.symbol.d.ts","/home/vs/Development/BuffFish/BuffFish-Frontend/buff-fish/node_modules/typescript/lib/lib.es2015.symbol.wellknown.d.ts","/home/vs/Development/BuffFish/BuffFish-Frontend/buff-fish/node_modules/typescript/lib/lib.es2016.array.include.d.ts","/home/vs/Development/BuffFish/BuffFish-Frontend/buff-fish/node_modules/typescript/lib/lib.es2016.full.d.ts","/home/vs/Development/BuffFish/BuffFish-Backend/database/database.js","/home/vs/Development/BuffFish/BuffFish-Backend/controllers/AuthController.js","/home/vs/Development/BuffFish/BuffFish-Backend/routes/AuthRoutes.js","/home/vs/Development/BuffFish/BuffFish-Backend/controllers/ActivitiesController.js","/home/vs/Development/BuffFish/BuffFish-Backend/controllers/UserController.js","/home/vs/Development/BuffFish/BuffFish-Backend/routes/UserRoutes.js","/home/vs/Development/BuffFish/BuffFish-Backend/server.js"],"compilerOptions":{"module":1,"target":3,"jsx":1,"allowJs":true,"allowSyntheticDefaultImports":true,"allowNonTsExtensions":true,"noEmitForJsFiles":true,"maxNodeModuleJsDepth":2},"typeAcquisition":{"enable":true,"include":[],"exclude":[]},"unresolvedImports":["cookie","cookie-parser","cookie-signature","cors","vary"],"projectRootPath":"/home/vs/Development/BuffFish/BuffFish-Backend","kind":"discover"}
[17:30:39.452] Loaded safelist from types map file '/home/vs/Development/BuffFish/BuffFish-Frontend/buff-fish/node_modules/typescript/lib/typesMap.json'
[17:30:39.453] Explicitly included types: []
[17:30:39.455] Typing names in '/home/vs/Development/BuffFish/BuffFish-Backend/package.json' dependencies: ["axios","cookie-parser","cors","dotenv","express","sqlite3","uuid"]
[17:30:39.455] Searching for typing names in /home/vs/Development/BuffFish/BuffFish-Backend/node_modules; all files: ["/home/vs/Development/BuffFish/BuffFish-Backend/node_modules/axios/package.json","/home/vs/Development/BuffFish/BuffFish-Backend/node_modules/cookie-parser/package.json","/home/vs/Development/BuffFish/BuffFish-Backend/node_modules/cors/package.json","/home/vs/Development/BuffFish/BuffFish-Backend/node_modules/dotenv/package.json","/home/vs/Development/BuffFish/BuffFish-Backend/node_modules/express/package.json","/home/vs/Development/BuffFish/BuffFish-Backend/node_modules/sqlite3/package.json","/home/vs/Development/BuffFish/BuffFish-Backend/node_modules/uuid/package.json"]
[17:30:39.458]     Package 'axios' provides its own types.
[17:30:39.465]     Package 'dotenv' provides its own types.
[17:30:39.477]     Found package names: ["cookie-parser","cors","express","sqlite3","uuid"]
[17:30:39.479] Inferred typings from unresolved imports: ["cookie","cookie-parser","cookie-signature","cors","vary"]
[17:30:39.479] Result: {"cachedTypingPaths":["/home/vs/Development/BuffFish/BuffFish-Backend/node_modules/axios/index.d.ts","/home/vs/Development/BuffFish/BuffFish-Backend/node_modules/dotenv/lib/main.d.ts","/home/vs/.cache/typescript/4.7/node_modules/@types/express/index.d.ts","/home/vs/.cache/typescript/4.7/node_modules/@types/sqlite3/index.d.ts","/home/vs/.cache/typescript/4.7/node_modules/@types/uuid/index.d.ts"],"newTypingNames":["cookie-parser","cors","cookie","cookie-signature","vary"],"filesToWatch":["/home/vs/Development/BuffFish/BuffFish-Backend/database/bower_components","/home/vs/Development/BuffFish/BuffFish-Backend/database/node_modules","/home/vs/Development/BuffFish/BuffFish-Backend/controllers/bower_components","/home/vs/Development/BuffFish/BuffFish-Backend/controllers/node_modules","/home/vs/Development/BuffFish/BuffFish-Backend/routes/bower_components","/home/vs/Development/BuffFish/BuffFish-Backend/routes/node_modules","/home/vs/Development/BuffFish/BuffFish-Backend/bower_components","/home/vs/Development/BuffFish/BuffFish-Backend/package.json","/home/vs/Development/BuffFish/BuffFish-Backend/node_modules"]}
[17:30:39.480] Finished typings discovery: {"cachedTypingPaths":["/home/vs/Development/BuffFish/BuffFish-Backend/node_modules/axios/index.d.ts","/home/vs/Development/BuffFish/BuffFish-Backend/node_modules/dotenv/lib/main.d.ts","/home/vs/.cache/typescript/4.7/node_modules/@types/express/index.d.ts","/home/vs/.cache/typescript/4.7/node_modules/@types/sqlite3/index.d.ts","/home/vs/.cache/typescript/4.7/node_modules/@types/uuid/index.d.ts"],"newTypingNames":["cookie-parser","cors","cookie","cookie-signature","vary"],"filesToWatch":["/home/vs/Development/BuffFish/BuffFish-Backend/database/bower_components","/home/vs/Development/BuffFish/BuffFish-Backend/database/node_modules","/home/vs/Development/BuffFish/BuffFish-Backend/controllers/bower_components","/home/vs/Development/BuffFish/BuffFish-Backend/controllers/node_modules","/home/vs/Development/BuffFish/BuffFish-Backend/routes/bower_components","/home/vs/Development/BuffFish/BuffFish-Backend/routes/node_modules","/home/vs/Development/BuffFish/BuffFish-Backend/bower_components","/home/vs/Development/BuffFish/BuffFish-Backend/package.json","/home/vs/Development/BuffFish/BuffFish-Backend/node_modules"]}
[17:30:39.481] DirectoryWatcher:: Added:: WatchInfo: /home/vs/Development/BuffFish/BuffFish-Backend/database
[17:30:39.482] DirectoryWatcher:: Added:: WatchInfo: /home/vs/Development/BuffFish/BuffFish-Backend/database 1 undefined Project: /dev/null/inferredProject1* watcher already invoked: false
[17:30:39.486] Elapsed:: 3.7778040000703186ms DirectoryWatcher:: Added:: WatchInfo: /home/vs/Development/BuffFish/BuffFish-Backend/database 1 undefined Project: /dev/null/inferredProject1* watcher already invoked: false
[17:30:39.486] DirectoryWatcher:: Added:: WatchInfo: /home/vs/Development/BuffFish/BuffFish-Backend/controllers
[17:30:39.486] DirectoryWatcher:: Added:: WatchInfo: /home/vs/Development/BuffFish/BuffFish-Backend/controllers 1 undefined Project: /dev/null/inferredProject1* watcher already invoked: false
[17:30:39.487] Elapsed:: 0.3033890000078827ms DirectoryWatcher:: Added:: WatchInfo: /home/vs/Development/BuffFish/BuffFish-Backend/controllers 1 undefined Project: /dev/null/inferredProject1* watcher already invoked: false
[17:30:39.487] DirectoryWatcher:: Added:: WatchInfo: /home/vs/Development/BuffFish/BuffFish-Backend/routes
[17:30:39.487] DirectoryWatcher:: Added:: WatchInfo: /home/vs/Development/BuffFish/BuffFish-Backend/routes 1 undefined Project: /dev/null/inferredProject1* watcher already invoked: false
[17:30:39.487] Elapsed:: 0.24487900012172759ms DirectoryWatcher:: Added:: WatchInfo: /home/vs/Development/BuffFish/BuffFish-Backend/routes 1 undefined Project: /dev/null/inferredProject1* watcher already invoked: false
[17:30:39.488] DirectoryWatcher:: Added:: WatchInfo: /home/vs/Development/BuffFish/BuffFish-Backend/bower_components
[17:30:39.488] DirectoryWatcher:: Added:: WatchInfo: /home/vs/Development/BuffFish/BuffFish-Backend/bower_components 1 undefined Project: /dev/null/inferredProject1* watcher already invoked: false
[17:30:39.490] Elapsed:: 1.80451300018467ms DirectoryWatcher:: Added:: WatchInfo: /home/vs/Development/BuffFish/BuffFish-Backend/bower_components 1 undefined Project: /dev/null/inferredProject1* watcher already invoked: false
[17:30:39.490] FileWatcher:: Added:: WatchInfo: /home/vs/Development/BuffFish/BuffFish-Backend/package.json
[17:30:39.490] FileWatcher:: Added:: WatchInfo: /home/vs/Development/BuffFish/BuffFish-Backend/package.json 2000 undefined Project: /dev/null/inferredProject1* watcher already invoked: false
[17:30:39.490] DirectoryWatcher:: Added:: WatchInfo: /home/vs/Development/BuffFish/BuffFish-Backend/node_modules
[17:30:39.491] DirectoryWatcher:: Added:: WatchInfo: /home/vs/Development/BuffFish/BuffFish-Backend/node_modules 1 undefined Project: /dev/null/inferredProject1* watcher already invoked: false
[17:30:39.530] Elapsed:: 39.33473500004038ms DirectoryWatcher:: Added:: WatchInfo: /home/vs/Development/BuffFish/BuffFish-Backend/node_modules 1 undefined Project: /dev/null/inferredProject1* watcher already invoked: false
[17:30:39.530] Installing typings ["cookie-parser","cors","cookie","cookie-signature","vary"]
[17:30:39.531] Npm config file: /home/vs/.cache/typescript/4.7/package.json
[17:30:39.531] Sending response:
    {"kind":"event::beginInstallTypes","eventId":1,"typingsInstallerVersion":"4.7.2","projectName":"/dev/null/inferredProject1*"}
[17:30:39.532] Response has been sent.
[17:30:39.532] #1 with arguments'["@types/cookie-parser@ts4.7","@types/cors@ts4.7","@types/cookie@ts4.7","@types/cookie-signature@ts4.7","@types/vary@ts4.7"]'.
[17:30:39.532] Exec: /usr/bin/npm install --ignore-scripts @types/cookie-parser@ts4.7 @types/cors@ts4.7 @types/cookie@ts4.7 @types/cookie-signature@ts4.7 @types/vary@ts4.7 --save-dev --user-agent="typesInstaller/4.7.2"
[17:30:42.460]     Succeeded. stdout:
    
    added 5 packages, and audited 79 packages in 3s

found 0 vulnerabilities

[17:30:42.460] npm install #1 took: 2928 ms
[17:30:42.461] Installed typings ["@types/cookie-parser@ts4.7","@types/cors@ts4.7","@types/cookie@ts4.7","@types/cookie-signature@ts4.7","@types/vary@ts4.7"]
[17:30:42.467] Installed typing files ["/home/vs/.cache/typescript/4.7/node_modules/@types/cookie-parser/index.d.ts","/home/vs/.cache/typescript/4.7/node_modules/@types/cors/index.d.ts","/home/vs/.cache/typescript/4.7/node_modules/@types/cookie/index.d.ts","/home/vs/.cache/typescript/4.7/node_modules/@types/cookie-signature/index.d.ts","/home/vs/.cache/typescript/4.7/node_modules/@types/vary/index.d.ts"]
[17:30:42.468] Sending response:
    {"projectName":"/dev/null/inferredProject1*","typeAcquisition":{"enable":true,"include":[],"exclude":[]},"compilerOptions":{"module":1,"target":3,"jsx":1,"allowJs":true,"allowSyntheticDefaultImports":true,"allowNonTsExtensions":true,"noEmitForJsFiles":true,"maxNodeModuleJsDepth":2},"typings":["/home/vs/Development/BuffFish/BuffFish-Backend/node_modules/axios/index.d.ts","/home/vs/Development/BuffFish/BuffFish-Backend/node_modules/dotenv/lib/main.d.ts","/home/vs/.cache/typescript/4.7/node_modules/@types/express/index.d.ts","/home/vs/.cache/typescript/4.7/node_modules/@types/sqlite3/index.d.ts","/home/vs/.cache/typescript/4.7/node_modules/@types/uuid/index.d.ts","/home/vs/.cache/typescript/4.7/node_modules/@types/cookie-parser/index.d.ts","/home/vs/.cache/typescript/4.7/node_modules/@types/cors/index.d.ts","/home/vs/.cache/typescript/4.7/node_modules/@types/cookie/index.d.ts","/home/vs/.cache/typescript/4.7/node_modules/@types/cookie-signature/index.d.ts","/home/vs/.cache/typescript/4.7/node_modules/@types/vary/index.d.ts"],"unresolvedImports":["cookie","cookie-parser","cookie-signature","cors","vary"],"kind":"action::set"}
[17:30:42.468] Response has been sent.
[17:30:42.468] Sending response:
    {"kind":"event::endInstallTypes","eventId":1,"projectName":"/dev/null/inferredProject1*","packagesToInstall":["@types/cookie-parser@ts4.7","@types/cors@ts4.7","@types/cookie@ts4.7","@types/cookie-signature@ts4.7","@types/vary@ts4.7"],"installSuccess":true,"typingsInstallerVersion":"4.7.2"}
[17:30:42.468] Response has been sent.
[17:30:42.915] Got install request {"projectName":"/dev/null/inferredProject1*","fileNames":["/home/vs/Development/BuffFish/BuffFish-Frontend/buff-fish/node_modules/typescript/lib/lib.es5.d.ts","/home/vs/Development/BuffFish/BuffFish-Frontend/buff-fish/node_modules/typescript/lib/lib.es2015.d.ts","/home/vs/Development/BuffFish/BuffFish-Frontend/buff-fish/node_modules/typescript/lib/lib.es2016.d.ts","/home/vs/Development/BuffFish/BuffFish-Frontend/buff-fish/node_modules/typescript/lib/lib.dom.d.ts","/home/vs/Development/BuffFish/BuffFish-Frontend/buff-fish/node_modules/typescript/lib/lib.dom.iterable.d.ts","/home/vs/Development/BuffFish/BuffFish-Frontend/buff-fish/node_modules/typescript/lib/lib.webworker.importscripts.d.ts","/home/vs/Development/BuffFish/BuffFish-Frontend/buff-fish/node_modules/typescript/lib/lib.scripthost.d.ts","/home/vs/Development/BuffFish/BuffFish-Frontend/buff-fish/node_modules/typescript/lib/lib.es2015.core.d.ts","/home/vs/Development/BuffFish/BuffFish-Frontend/buff-fish/node_modules/typescript/lib/lib.es2015.collection.d.ts","/home/vs/Development/BuffFish/BuffFish-Frontend/buff-fish/node_modules/typescript/lib/lib.es2015.generator.d.ts","/home/vs/Development/BuffFish/BuffFish-Frontend/buff-fish/node_modules/typescript/lib/lib.es2015.iterable.d.ts","/home/vs/Development/BuffFish/BuffFish-Frontend/buff-fish/node_modules/typescript/lib/lib.es2015.promise.d.ts","/home/vs/Development/BuffFish/BuffFish-Frontend/buff-fish/node_modules/typescript/lib/lib.es2015.proxy.d.ts","/home/vs/Development/BuffFish/BuffFish-Frontend/buff-fish/node_modules/typescript/lib/lib.es2015.reflect.d.ts","/home/vs/Development/BuffFish/BuffFish-Frontend/buff-fish/node_modules/typescript/lib/lib.es2015.symbol.d.ts","/home/vs/Development/BuffFish/BuffFish-Frontend/buff-fish/node_modules/typescript/lib/lib.es2015.symbol.wellknown.d.ts","/home/vs/Development/BuffFish/BuffFish-Frontend/buff-fish/node_modules/typescript/lib/lib.es2016.array.include.d.ts","/home/vs/Development/BuffFish/BuffFish-Frontend/buff-fish/node_modules/typescript/lib/lib.es2016.full.d.ts","/home/vs/.cache/typescript/4.7/node_modules/@types/express/index.d.ts","/home/vs/Development/BuffFish/BuffFish-Backend/node_modules/axios/index.d.ts","/home/vs/.cache/typescript/4.7/node_modules/@types/uuid/index.d.ts","/home/vs/.cache/typescript/4.7/node_modules/@types/sqlite3/index.d.ts","/home/vs/Development/BuffFish/BuffFish-Backend/database/database.js","/home/vs/Development/BuffFish/BuffFish-Backend/controllers/AuthController.js","/home/vs/Development/BuffFish/BuffFish-Backend/routes/AuthRoutes.js","/home/vs/Development/BuffFish/BuffFish-Backend/controllers/ActivitiesController.js","/home/vs/Development/BuffFish/BuffFish-Backend/controllers/UserController.js","/home/vs/Development/BuffFish/BuffFish-Backend/routes/UserRoutes.js","/home/vs/.cache/typescript/4.7/node_modules/@types/cookie-parser/index.d.ts","/home/vs/.cache/typescript/4.7/node_modules/@types/cors/index.d.ts","/home/vs/Development/BuffFish/BuffFish-Backend/node_modules/dotenv/lib/main.d.ts","/home/vs/Development/BuffFish/BuffFish-Backend/server.js","/home/vs/.cache/typescript/4.7/node_modules/@types/cookie-signature/index.d.ts","/home/vs/.cache/typescript/4.7/node_modules/@types/cookie/index.d.ts","/home/vs/.cache/typescript/4.7/node_modules/@types/vary/index.d.ts"],"compilerOptions":{"module":1,"target":3,"jsx":1,"allowJs":true,"allowSyntheticDefaultImports":true,"allowNonTsExtensions":true,"noEmitForJsFiles":true,"maxNodeModuleJsDepth":2},"typeAcquisition":{"enable":true,"include":[],"exclude":[]},"unresolvedImports":[],"projectRootPath":"/home/vs/Development/BuffFish/BuffFish-Backend","kind":"discover"}
[17:30:42.915] Explicitly included types: []
[17:30:42.916] Typing names in '/home/vs/Development/BuffFish/BuffFish-Backend/package.json' dependencies: ["axios","cookie-parser","cors","dotenv","express","sqlite3","uuid"]
[17:30:42.916] Searching for typing names in /home/vs/Development/BuffFish/BuffFish-Backend/node_modules; all files: ["/home/vs/Development/BuffFish/BuffFish-Backend/node_modules/axios/package.json","/home/vs/Development/BuffFish/BuffFish-Backend/node_modules/cookie-parser/package.json","/home/vs/Development/BuffFish/BuffFish-Backend/node_modules/cors/package.json","/home/vs/Development/BuffFish/BuffFish-Backend/node_modules/dotenv/package.json","/home/vs/Development/BuffFish/BuffFish-Backend/node_modules/express/package.json","/home/vs/Development/BuffFish/BuffFish-Backend/node_modules/sqlite3/package.json","/home/vs/Development/BuffFish/BuffFish-Backend/node_modules/uuid/package.json"]
[17:30:42.918]     Package 'axios' provides its own types.
[17:30:42.925]     Package 'dotenv' provides its own types.
[17:30:42.933]     Found package names: ["cookie-parser","cors","express","sqlite3","uuid"]
[17:30:42.934] Inferred typings from unresolved imports: []
[17:30:42.934] Result: {"cachedTypingPaths":["/home/vs/Development/BuffFish/BuffFish-Backend/node_modules/axios/index.d.ts","/home/vs/.cache/typescript/4.7/node_modules/@types/cookie-parser/index.d.ts","/home/vs/.cache/typescript/4.7/node_modules/@types/cors/index.d.ts","/home/vs/Development/BuffFish/BuffFish-Backend/node_modules/dotenv/lib/main.d.ts","/home/vs/.cache/typescript/4.7/node_modules/@types/express/index.d.ts","/home/vs/.cache/typescript/4.7/node_modules/@types/sqlite3/index.d.ts","/home/vs/.cache/typescript/4.7/node_modules/@types/uuid/index.d.ts"],"newTypingNames":[],"filesToWatch":["/home/vs/Development/BuffFish/BuffFish-Backend/database/bower_components","/home/vs/Development/BuffFish/BuffFish-Backend/database/node_modules","/home/vs/Development/BuffFish/BuffFish-Backend/controllers/bower_components","/home/vs/Development/BuffFish/BuffFish-Backend/controllers/node_modules","/home/vs/Development/BuffFish/BuffFish-Backend/routes/bower_components","/home/vs/Development/BuffFish/BuffFish-Backend/routes/node_modules","/home/vs/Development/BuffFish/BuffFish-Backend/bower_components","/home/vs/Development/BuffFish/BuffFish-Backend/package.json","/home/vs/Development/BuffFish/BuffFish-Backend/node_modules"]}
[17:30:42.934] Finished typings discovery: {"cachedTypingPaths":["/home/vs/Development/BuffFish/BuffFish-Backend/node_modules/axios/index.d.ts","/home/vs/.cache/typescript/4.7/node_modules/@types/cookie-parser/index.d.ts","/home/vs/.cache/typescript/4.7/node_modules/@types/cors/index.d.ts","/home/vs/Development/BuffFish/BuffFish-Backend/node_modules/dotenv/lib/main.d.ts","/home/vs/.cache/typescript/4.7/node_modules/@types/express/index.d.ts","/home/vs/.cache/typescript/4.7/node_modules/@types/sqlite3/index.d.ts","/home/vs/.cache/typescript/4.7/node_modules/@types/uuid/index.d.ts"],"newTypingNames":[],"filesToWatch":["/home/vs/Development/BuffFish/BuffFish-Backend/database/bower_components","/home/vs/Development/BuffFish/BuffFish-Backend/database/node_modules","/home/vs/Development/BuffFish/BuffFish-Backend/controllers/bower_components","/home/vs/Development/BuffFish/BuffFish-Backend/controllers/node_modules","/home/vs/Development/BuffFish/BuffFish-Backend/routes/bower_components","/home/vs/Development/BuffFish/BuffFish-Backend/routes/node_modules","/home/vs/Development/BuffFish/BuffFish-Backend/bower_components","/home/vs/Development/BuffFish/BuffFish-Backend/package.json","/home/vs/Development/BuffFish/BuffFish-Backend/node_modules"]}
[17:30:42.935] Sending response:
    {"projectName":"/dev/null/inferredProject1*","typeAcquisition":{"enable":true,"include":[],"exclude":[]},"compilerOptions":{"module":1,"target":3,"jsx":1,"allowJs":true,"allowSyntheticDefaultImports":true,"allowNonTsExtensions":true,"noEmitForJsFiles":true,"maxNodeModuleJsDepth":2},"typings":["/home/vs/Development/BuffFish/BuffFish-Backend/node_modules/axios/index.d.ts","/home/vs/.cache/typescript/4.7/node_modules/@types/cookie-parser/index.d.ts","/home/vs/.cache/typescript/4.7/node_modules/@types/cors/index.d.ts","/home/vs/Development/BuffFish/BuffFish-Backend/node_modules/dotenv/lib/main.d.ts","/home/vs/.cache/typescript/4.7/node_modules/@types/express/index.d.ts","/home/vs/.cache/typescript/4.7/node_modules/@types/sqlite3/index.d.ts","/home/vs/.cache/typescript/4.7/node_modules/@types/uuid/index.d.ts"],"unresolvedImports":[],"kind":"action::set"}
[17:30:42.935] Response has been sent.
[17:30:42.935] No new typings were requested as a result of typings discovery
[17:30:43.410] Got install request {"projectName":"/dev/null/inferredProject1*","fileNames":["/home/vs/Development/BuffFish/BuffFish-Frontend/buff-fish/node_modules/typescript/lib/lib.es5.d.ts","/home/vs/Development/BuffFish/BuffFish-Frontend/buff-fish/node_modules/typescript/lib/lib.es2015.d.ts","/home/vs/Development/BuffFish/BuffFish-Frontend/buff-fish/node_modules/typescript/lib/lib.es2016.d.ts","/home/vs/Development/BuffFish/BuffFish-Frontend/buff-fish/node_modules/typescript/lib/lib.dom.d.ts","/home/vs/Development/BuffFish/BuffFish-Frontend/buff-fish/node_modules/typescript/lib/lib.dom.iterable.d.ts","/home/vs/Development/BuffFish/BuffFish-Frontend/buff-fish/node_modules/typescript/lib/lib.webworker.importscripts.d.ts","/home/vs/Development/BuffFish/BuffFish-Frontend/buff-fish/node_modules/typescript/lib/lib.scripthost.d.ts","/home/vs/Development/BuffFish/BuffFish-Frontend/buff-fish/node_modules/typescript/lib/lib.es2015.core.d.ts","/home/vs/Development/BuffFish/BuffFish-Frontend/buff-fish/node_modules/typescript/lib/lib.es2015.collection.d.ts","/home/vs/Development/BuffFish/BuffFish-Frontend/buff-fish/node_modules/typescript/lib/lib.es2015.generator.d.ts","/home/vs/Development/BuffFish/BuffFish-Frontend/buff-fish/node_modules/typescript/lib/lib.es2015.iterable.d.ts","/home/vs/Development/BuffFish/BuffFish-Frontend/buff-fish/node_modules/typescript/lib/lib.es2015.promise.d.ts","/home/vs/Development/BuffFish/BuffFish-Frontend/buff-fish/node_modules/typescript/lib/lib.es2015.proxy.d.ts","/home/vs/Development/BuffFish/BuffFish-Frontend/buff-fish/node_modules/typescript/lib/lib.es2015.reflect.d.ts","/home/vs/Development/BuffFish/BuffFish-Frontend/buff-fish/node_modules/typescript/lib/lib.es2015.symbol.d.ts","/home/vs/Development/BuffFish/BuffFish-Frontend/buff-fish/node_modules/typescript/lib/lib.es2015.symbol.wellknown.d.ts","/home/vs/Development/BuffFish/BuffFish-Frontend/buff-fish/node_modules/typescript/lib/lib.es2016.array.include.d.ts","/home/vs/Development/BuffFish/BuffFish-Frontend/buff-fish/node_modules/typescript/lib/lib.es2016.full.d.ts","/home/vs/.cache/typescript/4.7/node_modules/@types/express/index.d.ts","/home/vs/Development/BuffFish/BuffFish-Backend/node_modules/axios/index.d.ts","/home/vs/.cache/typescript/4.7/node_modules/@types/uuid/index.d.ts","/home/vs/.cache/typescript/4.7/node_modules/@types/sqlite3/index.d.ts","/home/vs/Development/BuffFish/BuffFish-Backend/database/database.js","/home/vs/Development/BuffFish/BuffFish-Backend/controllers/AuthController.js","/home/vs/Development/BuffFish/BuffFish-Backend/routes/AuthRoutes.js","/home/vs/Development/BuffFish/BuffFish-Backend/controllers/ActivitiesController.js","/home/vs/Development/BuffFish/BuffFish-Backend/controllers/UserController.js","/home/vs/Development/BuffFish/BuffFish-Backend/routes/UserRoutes.js","/home/vs/.cache/typescript/4.7/node_modules/@types/cookie-parser/index.d.ts","/home/vs/.cache/typescript/4.7/node_modules/@types/cors/index.d.ts","/home/vs/Development/BuffFish/BuffFish-Backend/node_modules/dotenv/lib/main.d.ts","/home/vs/Development/BuffFish/BuffFish-Backend/server.js"],"compilerOptions":{"module":1,"target":3,"jsx":1,"allowJs":true,"allowSyntheticDefaultImports":true,"allowNonTsExtensions":true,"noEmitForJsFiles":true,"maxNodeModuleJsDepth":2},"typeAcquisition":{"enable":true,"include":[],"exclude":[]},"unresolvedImports":[],"projectRootPath":"/home/vs/Development/BuffFish/BuffFish-Backend","kind":"discover"}
[17:30:43.411] Explicitly included types: []
[17:30:43.412] Typing names in '/home/vs/Development/BuffFish/BuffFish-Backend/package.json' dependencies: ["axios","cookie-parser","cors","dotenv","express","sqlite3","uuid"]
[17:30:43.412] Searching for typing names in /home/vs/Development/BuffFish/BuffFish-Backend/node_modules; all files: ["/home/vs/Development/BuffFish/BuffFish-Backend/node_modules/axios/package.json","/home/vs/Development/BuffFish/BuffFish-Backend/node_modules/cookie-parser/package.json","/home/vs/Development/BuffFish/BuffFish-Backend/node_modules/cors/package.json","/home/vs/Development/BuffFish/BuffFish-Backend/node_modules/dotenv/package.json","/home/vs/Development/BuffFish/BuffFish-Backend/node_modules/express/package.json","/home/vs/Development/BuffFish/BuffFish-Backend/node_modules/sqlite3/package.json","/home/vs/Development/BuffFish/BuffFish-Backend/node_modules/uuid/package.json"]
[17:30:43.418]     Package 'axios' provides its own types.
[17:30:43.429]     Package 'dotenv' provides its own types.
[17:30:43.441]     Found package names: ["cookie-parser","cors","express","sqlite3","uuid"]
[17:30:43.441] Inferred typings from unresolved imports: []
[17:30:43.441] Result: {"cachedTypingPaths":["/home/vs/Development/BuffFish/BuffFish-Backend/node_modules/axios/index.d.ts","/home/vs/.cache/typescript/4.7/node_modules/@types/cookie-parser/index.d.ts","/home/vs/.cache/typescript/4.7/node_modules/@types/cors/index.d.ts","/home/vs/Development/BuffFish/BuffFish-Backend/node_modules/dotenv/lib/main.d.ts","/home/vs/.cache/typescript/4.7/node_modules/@types/express/index.d.ts","/home/vs/.cache/typescript/4.7/node_modules/@types/sqlite3/index.d.ts","/home/vs/.cache/typescript/4.7/node_modules/@types/uuid/index.d.ts"],"newTypingNames":[],"filesToWatch":["/home/vs/Development/BuffFish/BuffFish-Backend/database/bower_components","/home/vs/Development/BuffFish/BuffFish-Backend/database/node_modules","/home/vs/Development/BuffFish/BuffFish-Backend/controllers/bower_components","/home/vs/Development/BuffFish/BuffFish-Backend/controllers/node_modules","/home/vs/Development/BuffFish/BuffFish-Backend/routes/bower_components","/home/vs/Development/BuffFish/BuffFish-Backend/routes/node_modules","/home/vs/Development/BuffFish/BuffFish-Backend/bower_components","/home/vs/Development/BuffFish/BuffFish-Backend/package.json","/home/vs/Development/BuffFish/BuffFish-Backend/node_modules"]}
[17:30:43.442] Finished typings discovery: {"cachedTypingPaths":["/home/vs/Development/BuffFish/BuffFish-Backend/node_modules/axios/index.d.ts","/home/vs/.cache/typescript/4.7/node_modules/@types/cookie-parser/index.d.ts","/home/vs/.cache/typescript/4.7/node_modules/@types/cors/index.d.ts","/home/vs/Development/BuffFish/BuffFish-Backend/node_modules/dotenv/lib/main.d.ts","/home/vs/.cache/typescript/4.7/node_modules/@types/express/index.d.ts","/home/vs/.cache/typescript/4.7/node_modules/@types/sqlite3/index.d.ts","/home/vs/.cache/typescript/4.7/node_modules/@types/uuid/index.d.ts"],"newTypingNames":[],"filesToWatch":["/home/vs/Development/BuffFish/BuffFish-Backend/database/bower_components","/home/vs/Development/BuffFish/BuffFish-Backend/database/node_modules","/home/vs/Development/BuffFish/BuffFish-Backend/controllers/bower_components","/home/vs/Development/BuffFish/BuffFish-Backend/controllers/node_modules","/home/vs/Development/BuffFish/BuffFish-Backend/routes/bower_components","/home/vs/Development/BuffFish/BuffFish-Backend/routes/node_modules","/home/vs/Development/BuffFish/BuffFish-Backend/bower_components","/home/vs/Development/BuffFish/BuffFish-Backend/package.json","/home/vs/Development/BuffFish/BuffFish-Backend/node_modules"]}
[17:30:43.442] Sending response:
    {"projectName":"/dev/null/inferredProject1*","typeAcquisition":{"enable":true,"include":[],"exclude":[]},"compilerOptions":{"module":1,"target":3,"jsx":1,"allowJs":true,"allowSyntheticDefaultImports":true,"allowNonTsExtensions":true,"noEmitForJsFiles":true,"maxNodeModuleJsDepth":2},"typings":["/home/vs/Development/BuffFish/BuffFish-Backend/node_modules/axios/index.d.ts","/home/vs/.cache/typescript/4.7/node_modules/@types/cookie-parser/index.d.ts","/home/vs/.cache/typescript/4.7/node_modules/@types/cors/index.d.ts","/home/vs/Development/BuffFish/BuffFish-Backend/node_modules/dotenv/lib/main.d.ts","/home/vs/.cache/typescript/4.7/node_modules/@types/express/index.d.ts","/home/vs/.cache/typescript/4.7/node_modules/@types/sqlite3/index.d.ts","/home/vs/.cache/typescript/4.7/node_modules/@types/uuid/index.d.ts"],"unresolvedImports":[],"kind":"action::set"}
[17:30:43.443] Response has been sent.
[17:30:43.443] No new typings were requested as a result of typings discovery
[17:32:14.520] Got install request {"projectName":"/dev/null/inferredProject2*","fileNames":[],"compilerOptions":{"module":1,"target":3,"jsx":1,"allowJs":true,"allowSyntheticDefaultImports":true,"allowNonTsExtensions":true,"noEmitForJsFiles":true},"typeAcquisition":{"enable":true,"include":[],"exclude":[]},"unresolvedImports":[],"projectRootPath":"/home/vs/Development/BuffFish/BuffFish-Frontend/buff-fish/src/hooks","kind":"discover"}
[17:32:14.520] Explicitly included types: []
[17:32:14.520] Inferred typings from unresolved imports: []
[17:32:14.520] Result: {"cachedTypingPaths":[],"newTypingNames":[],"filesToWatch":["/home/vs/Development/BuffFish/BuffFish-Frontend/buff-fish/src/hooks/bower_components","/home/vs/Development/BuffFish/BuffFish-Frontend/buff-fish/src/hooks/node_modules"]}
[17:32:14.521] Finished typings discovery: {"cachedTypingPaths":[],"newTypingNames":[],"filesToWatch":["/home/vs/Development/BuffFish/BuffFish-Frontend/buff-fish/src/hooks/bower_components","/home/vs/Development/BuffFish/BuffFish-Frontend/buff-fish/src/hooks/node_modules"]}
[17:32:14.521] DirectoryWatcher:: Added:: WatchInfo: /home/vs/Development/BuffFish/BuffFish-Frontend/buff-fish/src/hooks/bower_components
[17:32:14.521] DirectoryWatcher:: Added:: WatchInfo: /home/vs/Development/BuffFish/BuffFish-Frontend/buff-fish/src/hooks/bower_components 1 undefined Project: /dev/null/inferredProject2* watcher already invoked: false
[17:32:14.521] Elapsed:: 0.4821639999281615ms DirectoryWatcher:: Added:: WatchInfo: /home/vs/Development/BuffFish/BuffFish-Frontend/buff-fish/src/hooks/bower_components 1 undefined Project: /dev/null/inferredProject2* watcher already invoked: false
[17:32:14.522] DirectoryWatcher:: Added:: WatchInfo: /home/vs/Development/BuffFish/BuffFish-Frontend/buff-fish/src/hooks/node_modules
[17:32:14.522] DirectoryWatcher:: Added:: WatchInfo: /home/vs/Development/BuffFish/BuffFish-Frontend/buff-fish/src/hooks/node_modules 1 undefined Project: /dev/null/inferredProject2* watcher already invoked: false
[17:32:14.522] Elapsed:: 0.1904269999358803ms DirectoryWatcher:: Added:: WatchInfo: /home/vs/Development/BuffFish/BuffFish-Frontend/buff-fish/src/hooks/node_modules 1 undefined Project: /dev/null/inferredProject2* watcher already invoked: false
[17:32:14.522] Sending response:
    {"projectName":"/dev/null/inferredProject2*","typeAcquisition":{"enable":true,"include":[],"exclude":[]},"compilerOptions":{"module":1,"target":3,"jsx":1,"allowJs":true,"allowSyntheticDefaultImports":true,"allowNonTsExtensions":true,"noEmitForJsFiles":true},"typings":[],"unresolvedImports":[],"kind":"action::set"}
[17:32:14.522] Response has been sent.
[17:32:14.522] No new typings were requested as a result of typings discovery
[17:40:19.879] Got install request {"projectName":"/dev/null/inferredProject2*","fileNames":[],"compilerOptions":{"module":1,"target":3,"jsx":1,"allowJs":true,"allowSyntheticDefaultImports":true,"allowNonTsExtensions":true,"noEmitForJsFiles":true},"typeAcquisition":{"enable":true,"include":[],"exclude":[]},"unresolvedImports":[],"projectRootPath":"/home/vs/Development/BuffFish/BuffFish-Frontend/buff-fish/src/hooks","kind":"discover"}
[17:40:19.879] Explicitly included types: []
[17:40:19.879] Inferred typings from unresolved imports: []
[17:40:19.880] Result: {"cachedTypingPaths":[],"newTypingNames":[],"filesToWatch":["/home/vs/Development/BuffFish/BuffFish-Frontend/buff-fish/src/hooks/bower_components","/home/vs/Development/BuffFish/BuffFish-Frontend/buff-fish/src/hooks/node_modules"]}
[17:40:19.880] Finished typings discovery: {"cachedTypingPaths":[],"newTypingNames":[],"filesToWatch":["/home/vs/Development/BuffFish/BuffFish-Frontend/buff-fish/src/hooks/bower_components","/home/vs/Development/BuffFish/BuffFish-Frontend/buff-fish/src/hooks/node_modules"]}
[17:40:19.880] Sending response:
    {"projectName":"/dev/null/inferredProject2*","typeAcquisition":{"enable":true,"include":[],"exclude":[]},"compilerOptions":{"module":1,"target":3,"jsx":1,"allowJs":true,"allowSyntheticDefaultImports":true,"allowNonTsExtensions":true,"noEmitForJsFiles":true},"typings":[],"unresolvedImports":[],"kind":"action::set"}
[17:40:19.880] Response has been sent.
[17:40:19.880] No new typings were requested as a result of typings discovery
[22:36:35.409] Got install request {"projectName":"/dev/null/inferredProject3*","fileNames":[],"compilerOptions":{"module":1,"target":3,"jsx":1,"allowJs":true,"allowSyntheticDefaultImports":true,"allowNonTsExtensions":true,"noEmitForJsFiles":true},"typeAcquisition":{"enable":true,"include":[],"exclude":[]},"unresolvedImports":[],"projectRootPath":"/home/vs/Development/BuffFish/BuffFish-Frontend/buff-fish/src/data/types","kind":"discover"}
[22:36:35.410] Explicitly included types: []
[22:36:35.410] Inferred typings from unresolved imports: []
[22:36:35.410] Result: {"cachedTypingPaths":[],"newTypingNames":[],"filesToWatch":["/home/vs/Development/BuffFish/BuffFish-Frontend/buff-fish/src/data/types/bower_components","/home/vs/Development/BuffFish/BuffFish-Frontend/buff-fish/src/data/types/node_modules"]}
[22:36:35.410] Finished typings discovery: {"cachedTypingPaths":[],"newTypingNames":[],"filesToWatch":["/home/vs/Development/BuffFish/BuffFish-Frontend/buff-fish/src/data/types/bower_components","/home/vs/Development/BuffFish/BuffFish-Frontend/buff-fish/src/data/types/node_modules"]}
[22:36:35.410] DirectoryWatcher:: Added:: WatchInfo: /home/vs/Development/BuffFish/BuffFish-Frontend/buff-fish/src/data/types/bower_components
[22:36:35.410] DirectoryWatcher:: Added:: WatchInfo: /home/vs/Development/BuffFish/BuffFish-Frontend/buff-fish/src/data/types/bower_components 1 undefined Project: /dev/null/inferredProject3* watcher already invoked: false
[22:36:35.411] Elapsed:: 0.6210950016975403ms DirectoryWatcher:: Added:: WatchInfo: /home/vs/Development/BuffFish/BuffFish-Frontend/buff-fish/src/data/types/bower_components 1 undefined Project: /dev/null/inferredProject3* watcher already invoked: false
[22:36:35.411] DirectoryWatcher:: Added:: WatchInfo: /home/vs/Development/BuffFish/BuffFish-Frontend/buff-fish/src/data/types/node_modules
[22:36:35.411] DirectoryWatcher:: Added:: WatchInfo: /home/vs/Development/BuffFish/BuffFish-Frontend/buff-fish/src/data/types/node_modules 1 undefined Project: /dev/null/inferredProject3* watcher already invoked: false
[22:36:35.411] Elapsed:: 0.20224899798631668ms DirectoryWatcher:: Added:: WatchInfo: /home/vs/Development/BuffFish/BuffFish-Frontend/buff-fish/src/data/types/node_modules 1 undefined Project: /dev/null/inferredProject3* watcher already invoked: false
[22:36:35.412] Sending response:
    {"projectName":"/dev/null/inferredProject3*","typeAcquisition":{"enable":true,"include":[],"exclude":[]},"compilerOptions":{"module":1,"target":3,"jsx":1,"allowJs":true,"allowSyntheticDefaultImports":true,"allowNonTsExtensions":true,"noEmitForJsFiles":true},"typings":[],"unresolvedImports":[],"kind":"action::set"}
[22:36:35.412] Response has been sent.
[22:36:35.412] No new typings were requested as a result of typings discovery
