Info 0    [13:59:57.191] Starting TS Server
Info 1    [13:59:57.191] Version: 4.7.2
Info 2    [13:59:57.191] Arguments: /usr/bin/node /home/vs/Development/BuffFish/BuffFish-Frontend/buff-fish/node_modules/typescript/lib/tsserver.js --logFile /home/vs/Development/BuffFish/.log/tsserver.log --logVerbosity info --cancellationPipeName /tmp/2d808f999e08f54926359e6431e0ef85/tscancellation*
Info 3    [13:59:57.191] Platform: linux NodeVersion: 16 CaseSensitive: true
Info 4    [13:59:57.191] ServerMode: undefined syntaxOnly: false hasUnknownServerMode: undefined
Info 5    [13:59:57.208] Format host information updated
Info 6    [13:59:57.523] Search path: /home/vs/Development/BuffFish/BuffFish-Frontend/buff-fish/src/containers/Dashboard
Info 7    [13:59:57.524] For info: /home/vs/Development/BuffFish/BuffFish-Frontend/buff-fish/src/containers/Dashboard/Dashboard.tsx :: Config file name: /home/vs/Development/BuffFish/BuffFish-Frontend/buff-fish/tsconfig.json
Info 8    [13:59:57.525] Creating configuration project /home/vs/Development/BuffFish/BuffFish-Frontend/buff-fish/tsconfig.json
Info 9    [13:59:57.573] Config: /home/vs/Development/BuffFish/BuffFish-Frontend/buff-fish/tsconfig.json : {
 "rootNames": [
  "/home/vs/Development/BuffFish/BuffFish-Frontend/buff-fish/src/App.tsx",
  "/home/vs/Development/BuffFish/BuffFish-Frontend/buff-fish/src/index.js",
  "/home/vs/Development/BuffFish/BuffFish-Frontend/buff-fish/src/components/Calendar/Calendar.tsx",
  "/home/vs/Development/BuffFish/BuffFish-Frontend/buff-fish/src/components/Calendar/data.tsx",
  "/home/vs/Development/BuffFish/BuffFish-Frontend/buff-fish/src/components/Charts/ChartTheme.ts",
  "/home/vs/Development/BuffFish/BuffFish-Frontend/buff-fish/src/components/Charts/Linechart.tsx",
  "/home/vs/Development/BuffFish/BuffFish-Frontend/buff-fish/src/components/Tables/WorkoutTable.tsx",
  "/home/vs/Development/BuffFish/BuffFish-Frontend/buff-fish/src/containers/Dashboard/Dashboard.tsx",
  "/home/vs/Development/BuffFish/BuffFish-Frontend/buff-fish/src/containers/HomePage/HomePageContainer.tsx",
  "/home/vs/Development/BuffFish/BuffFish-Frontend/buff-fish/src/containers/strava/AuthContainer.tsx",
  "/home/vs/Development/BuffFish/BuffFish-Frontend/buff-fish/src/data/sample_data/weightsample.ts",
  "/home/vs/Development/BuffFish/BuffFish-Frontend/buff-fish/src/data/types/Activities.ts",
  "/home/vs/Development/BuffFish/BuffFish-Frontend/buff-fish/src/data/types/CalendarData.ts",
  "/home/vs/Development/BuffFish/BuffFish-Frontend/buff-fish/src/data/types/ChartData.tsx",
  "/home/vs/Development/BuffFish/BuffFish-Frontend/buff-fish/src/hooks/useAuth.tsx",
  "/home/vs/Development/BuffFish/BuffFish-Frontend/buff-fish/src/themes/theme.ts"
 ],
 "options": {
  "target": 1,
  "lib": [
   "lib.dom.d.ts",
   "lib.dom.iterable.d.ts",
   "lib.esnext.d.ts"
  ],
  "allowJs": true,
  "skipLibCheck": true,
  "esModuleInterop": true,
  "allowSyntheticDefaultImports": true,
  "strict": true,
  "forceConsistentCasingInFileNames": true,
  "noFallthroughCasesInSwitch": true,
  "module": 99,
  "moduleResolution": 2,
  "resolveJsonModule": true,
  "isolatedModules": true,
  "noEmit": true,
  "jsx": 4,
  "configFilePath": "/home/vs/Development/BuffFish/BuffFish-Frontend/buff-fish/tsconfig.json"
 }
}
Info 10   [13:59:57.646] Starting updateGraphWorker: Project: /home/vs/Development/BuffFish/BuffFish-Frontend/buff-fish/tsconfig.json
Info 11   [14:00:01.239] Finishing updateGraphWorker: Project: /home/vs/Development/BuffFish/BuffFish-Frontend/buff-fish/tsconfig.json Version: 1 structureChanged: true structureIsReused:: Not Elapsed: 3591.9265609998256ms
Info 12   [14:00:01.239] Project '/home/vs/Development/BuffFish/BuffFish-Frontend/buff-fish/tsconfig.json' (Configured)
Info 13   [14:00:01.239] 	Files (1336)

Info 14   [14:00:01.239] -----------------------------------------------
Info 15   [14:00:01.264] AutoImportProviderProject: found 7 root files in 7 dependencies in 17.986363999545574 ms
Info 16   [14:00:01.266] Starting updateGraphWorker: Project: /dev/null/autoImportProviderProject1*
Info 17   [14:00:01.455] Finishing updateGraphWorker: Project: /dev/null/autoImportProviderProject1* Version: 1 structureChanged: true structureIsReused:: Not Elapsed: 188.15362199954689ms
Info 18   [14:00:01.455] Project '/dev/null/autoImportProviderProject1*' (AutoImportProvider)
Info 19   [14:00:01.455] 	Files (135)

Info 20   [14:00:01.455] -----------------------------------------------
Info 21   [14:00:01.464] Search path: /home/vs/Development/BuffFish/BuffFish-Frontend/buff-fish/src/components/Calendar
Info 22   [14:00:01.465] For info: /home/vs/Development/BuffFish/BuffFish-Frontend/buff-fish/src/components/Calendar/Calendar.tsx :: Config file name: /home/vs/Development/BuffFish/BuffFish-Frontend/buff-fish/tsconfig.json
Info 23   [14:00:01.466] Search path: /home/vs/Development/BuffFish/BuffFish-Frontend/buff-fish/src/components/Calendar
Info 24   [14:00:01.466] For info: /home/vs/Development/BuffFish/BuffFish-Frontend/buff-fish/src/components/Calendar/data.tsx :: Config file name: /home/vs/Development/BuffFish/BuffFish-Frontend/buff-fish/tsconfig.json
